#
# There is insufficient memory for the Java Runtime Environment to continue.
# Native memory allocation (mmap) failed to map 65536 bytes for Failed to commit metaspace.
# Possible reasons:
#   The system is out of physical RAM or swap space
#   The process is running with CompressedOops enabled, and the Java Heap may be blocking the growth of the native heap
# Possible solutions:
#   Reduce memory load on the system
#   Increase physical memory or swap space
#   Check if swap backing store is full
#   Decrease Java heap size (-Xmx/-Xms)
#   Decrease number of Java threads
#   Decrease Java thread stack sizes (-Xss)
#   Set larger code cache with -XX:ReservedCodeCacheSize=
#   JVM is running with Unscaled Compressed Oops mode in which the Java heap is
#     placed in the first 4GB address space. The Java Heap base address is the
#     maximum limit for the native heap growth. Please use -XX:HeapBaseMinAddress
#     to set the Java Heap base and to place the Java Heap above 4GB virtual address.
# This output file may be truncated or incomplete.
#
#  Out of Memory Error (virtualSpaceNode.cpp:110), pid=14868, tid=12360
#
# JRE version: Java(TM) SE Runtime Environment (18.0+36) (build 18+36-2087)
# Java VM: Java HotSpot(TM) 64-Bit Server VM (18+36-2087, mixed mode, sharing, tiered, compressed oops, compressed class ptrs, g1 gc, windows-amd64)
# No core dump will be written. Minidumps are not enabled by default on client versions of Windows
#

---------------  S U M M A R Y ------------

Command Line: c:\Users\paulo\.vscode\extensions\salesforce.salesforce-vscode-slds-1.4.8\lsp-0.0.13-executable.jar --PORT=63940

Host: Intel(R) Celeron(R) N4020 CPU @ 1.10GHz, 2 cores, 3G,  Windows 10 , 64 bit Build 19041 (10.0.19041.1645)
Time: Sun May  1 16:25:36 2022 Hora oficial do Brasil elapsed time: 11.097819 seconds (0d 0h 0m 11s)

---------------  T H R E A D  ---------------

Current thread (0x000001e89d3c30f0):  JavaThread "Thread-0" [_thread_in_vm, id=12360, stack(0x00000078aff00000,0x00000078b0000000)]

Stack: [0x00000078aff00000,0x00000078b0000000]
Native frames: (J=compiled Java code, j=interpreted, Vv=VM code, C=native code)
V  [jvm.dll+0x69804a]
V  [jvm.dll+0x7f308d]
V  [jvm.dll+0x7f499e]
V  [jvm.dll+0x7f5053]
V  [jvm.dll+0x25ca3f]
V  [jvm.dll+0x7eed9b]
V  [jvm.dll+0x63e276]
V  [jvm.dll+0x1d721e]
V  [jvm.dll+0x640c1b]
V  [jvm.dll+0x640a1e]
V  [jvm.dll+0x63ec3e]
V  [jvm.dll+0x25108f]
V  [jvm.dll+0x649275]
V  [jvm.dll+0x202381]
V  [jvm.dll+0x2028b5]
V  [jvm.dll+0x2032ef]
V  [jvm.dll+0x1f8781]
V  [jvm.dll+0x55cea5]
V  [jvm.dll+0x76d2f3]
V  [jvm.dll+0x76d3d4]
V  [jvm.dll+0x42d234]
V  [jvm.dll+0x432f3f]
C  [java.dll+0x17ec]

Java frames: (J=compiled Java code, j=interpreted, Vv=VM code)
J 905  java.lang.ClassLoader.defineClass1(Ljava/lang/ClassLoader;Ljava/lang/String;[BIILjava/security/ProtectionDomain;Ljava/lang/String;)Ljava/lang/Class; java.base@18 (0 bytes) @ 0x000001e88f37cee3 [0x000001e88f37ce20+0x00000000000000c3]
J 1022 c1 java.lang.ClassLoader.defineClass(Ljava/lang/String;[BIILjava/security/ProtectionDomain;)Ljava/lang/Class; java.base@18 (43 bytes) @ 0x000001e887fa0dd4 [0x000001e887fa0a80+0x0000000000000354]
J 1053 c1 java.security.SecureClassLoader.defineClass(Ljava/lang/String;[BIILjava/security/CodeSource;)Ljava/lang/Class; java.base@18 (16 bytes) @ 0x000001e887fae68c [0x000001e887fae5c0+0x00000000000000cc]
J 951 c1 java.net.URLClassLoader.defineClass(Ljava/lang/String;Ljdk/internal/loader/Resource;)Ljava/lang/Class; java.base@18 (224 bytes) @ 0x000001e887f83cf4 [0x000001e887f82620+0x00000000000016d4]
J 1039 c1 java.net.URLClassLoader$1.run()Ljava/lang/Class; java.base@18 (81 bytes) @ 0x000001e887fa7acc [0x000001e887fa6ea0+0x0000000000000c2c]
J 947 c1 java.net.URLClassLoader$1.run()Ljava/lang/Object; java.base@18 (5 bytes) @ 0x000001e887f80e44 [0x000001e887f80dc0+0x0000000000000084]
J 842 c1 java.security.AccessController.doPrivileged(Ljava/security/PrivilegedExceptionAction;Ljava/security/AccessControlContext;)Ljava/lang/Object; java.base@18 (26 bytes) @ 0x000001e887f4dafc [0x000001e887f4d920+0x00000000000001dc]
J 945 c1 java.net.URLClassLoader.findClass(Ljava/lang/String;)Ljava/lang/Class; java.base@18 (47 bytes) @ 0x000001e887f8001c [0x000001e887f7fe80+0x000000000000019c]
J 942 c1 java.lang.ClassLoader.loadClass(Ljava/lang/String;Z)Ljava/lang/Class; java.base@18 (121 bytes) @ 0x000001e887f7d574 [0x000001e887f7cfc0+0x00000000000005b4]
J 788 c1 org.springframework.boot.loader.LaunchedURLClassLoader.loadClass(Ljava/lang/String;Z)Ljava/lang/Class; (75 bytes) @ 0x000001e887f3b60c [0x000001e887f3b2a0+0x000000000000036c]
J 656 c1 java.lang.ClassLoader.loadClass(Ljava/lang/String;)Ljava/lang/Class; java.base@18 (7 bytes) @ 0x000001e887f034cc [0x000001e887f033c0+0x000000000000010c]
v  ~StubRoutines::call_stub
J 986  java.lang.Class.forName0(Ljava/lang/String;ZLjava/lang/ClassLoader;Ljava/lang/Class;)Ljava/lang/Class; java.base@18 (0 bytes) @ 0x000001e88f383eaf [0x000001e88f383e20+0x000000000000008f]
J 992 c1 java.lang.Class.forName(Ljava/lang/String;ZLjava/lang/ClassLoader;Ljava/lang/Class;)Ljava/lang/Class; java.base@18 (41 bytes) @ 0x000001e887f90e34 [0x000001e887f90d40+0x00000000000000f4]
J 991 c1 java.lang.Class.forName(Ljava/lang/String;ZLjava/lang/ClassLoader;)Ljava/lang/Class; java.base@18 (24 bytes) @ 0x000001e887f9093c [0x000001e887f90840+0x00000000000000fc]
j  org.springframework.boot.autoconfigure.condition.FilteringSpringBootCondition.resolve(Ljava/lang/String;Ljava/lang/ClassLoader;)Ljava/lang/Class;+7
j  org.springframework.boot.autoconfigure.condition.FilteringSpringBootCondition$ClassNameFilter.isPresent(Ljava/lang/String;Ljava/lang/ClassLoader;)Z+10
j  org.springframework.boot.autoconfigure.condition.FilteringSpringBootCondition$ClassNameFilter$2.matches(Ljava/lang/String;Ljava/lang/ClassLoader;)Z+2
j  org.springframework.boot.autoconfigure.condition.OnClassCondition$StandardOutcomesResolver.getOutcome(Ljava/lang/String;Ljava/lang/ClassLoader;)Lorg/springframework/boot/autoconfigure/condition/ConditionOutcome;+5
j  org.springframework.boot.autoconfigure.condition.OnClassCondition$StandardOutcomesResolver.getOutcome(Ljava/lang/String;)Lorg/springframework/boot/autoconfigure/condition/ConditionOutcome;+15
j  org.springframework.boot.autoconfigure.condition.OnClassCondition$StandardOutcomesResolver.getOutcomes([Ljava/lang/String;IILorg/springframework/boot/autoconfigure/AutoConfigurationMetadata;)[Lorg/springframework/boot/autoconfigure/condition/ConditionOutcome;+55
j  org.springframework.boot.autoconfigure.condition.OnClassCondition$StandardOutcomesResolver.resolveOutcomes()[Lorg/springframework/boot/autoconfigure/condition/ConditionOutcome;+17
j  org.springframework.boot.autoconfigure.condition.OnClassCondition$ThreadedOutcomesResolver.lambda$new$0(Lorg/springframework/boot/autoconfigure/condition/OnClassCondition$OutcomesResolver;)V+2
j  org.springframework.boot.autoconfigure.condition.OnClassCondition$ThreadedOutcomesResolver$$Lambda$201+0x0000000800d24a88.run()V+8
j  java.lang.Thread.run()V+11 java.base@18
v  ~StubRoutines::call_stub

---------------  P R O C E S S  ---------------

Threads class SMR info:
_java_thread_list=0x000001e89d639b70, length=13, elements={
0x000001e8fd80e800, 0x000001e8ffd4fd60, 0x000001e8ffd509c0, 0x000001e8ffd66170,
0x000001e8ffd67b20, 0x000001e8ffd684c0, 0x000001e8ffd68e60, 0x000001e8ffd6ab40,
0x000001e8ffd7bd30, 0x000001e8ffddc530, 0x000001e89cc2c550, 0x000001e89cc2fa60,
0x000001e89d3c30f0
}

Java Threads: ( => current thread )
  0x000001e8fd80e800 JavaThread "main" [_thread_blocked, id=3596, stack(0x00000078aeb00000,0x00000078aec00000)]
  0x000001e8ffd4fd60 JavaThread "Reference Handler" daemon [_thread_blocked, id=9516, stack(0x00000078af200000,0x00000078af300000)]
  0x000001e8ffd509c0 JavaThread "Finalizer" daemon [_thread_blocked, id=4956, stack(0x00000078af300000,0x00000078af400000)]
  0x000001e8ffd66170 JavaThread "Signal Dispatcher" daemon [_thread_blocked, id=12880, stack(0x00000078af400000,0x00000078af500000)]
  0x000001e8ffd67b20 JavaThread "Attach Listener" daemon [_thread_blocked, id=7236, stack(0x00000078af500000,0x00000078af600000)]
  0x000001e8ffd684c0 JavaThread "Service Thread" daemon [_thread_blocked, id=2448, stack(0x00000078af600000,0x00000078af700000)]
  0x000001e8ffd68e60 JavaThread "Monitor Deflation Thread" daemon [_thread_blocked, id=6276, stack(0x00000078af700000,0x00000078af800000)]
  0x000001e8ffd6ab40 JavaThread "C2 CompilerThread0" daemon [_thread_blocked, id=5172, stack(0x00000078af800000,0x00000078af900000)]
  0x000001e8ffd7bd30 JavaThread "C1 CompilerThread0" daemon [_thread_blocked, id=8408, stack(0x00000078af900000,0x00000078afa00000)]
  0x000001e8ffddc530 JavaThread "Sweeper thread" daemon [_thread_blocked, id=3156, stack(0x00000078afa00000,0x00000078afb00000)]
  0x000001e89cc2c550 JavaThread "Notification Thread" daemon [_thread_blocked, id=2628, stack(0x00000078afb00000,0x00000078afc00000)]
  0x000001e89cc2fa60 JavaThread "Common-Cleaner" daemon [_thread_blocked, id=11968, stack(0x00000078afd00000,0x00000078afe00000)]
=>0x000001e89d3c30f0 JavaThread "Thread-0" [_thread_in_vm, id=12360, stack(0x00000078aff00000,0x00000078b0000000)]

Other Threads:
  0x000001e8fd8de520 VMThread "VM Thread" [stack: 0x00000078af100000,0x00000078af200000] [id=13936]
  0x000001e89cc2f230 WatcherThread "VM Periodic Task Thread" [stack: 0x00000078afc00000,0x00000078afd00000] [id=7248]
  0x000001e8fd84d380 WorkerThread "GC Thread#0" [stack: 0x00000078aec00000,0x00000078aed00000] [id=580]
  0x000001e89cdf1d20 WorkerThread "GC Thread#1" [stack: 0x00000078afe00000,0x00000078aff00000] [id=10148]
  0x000001e8fd855d30 ConcurrentGCThread "G1 Main Marker" [stack: 0x00000078aed00000,0x00000078aee00000] [id=3344]
  0x000001e8fd858740 WorkerThread "G1 Conc#0" [stack: 0x00000078aee00000,0x00000078aef00000] [id=6988]
  0x000001e8fd878bf0 ConcurrentGCThread "G1 Refine#0" [stack: 0x00000078aef00000,0x00000078af000000] [id=14344]
  0x000001e8fd879500 ConcurrentGCThread "G1 Service" [stack: 0x00000078af000000,0x00000078af100000] [id=16364]

Threads with active compile tasks:

VM state: not at safepoint (normal execution)

VM Mutex/Monitor currently owned by a thread:  ([mutex/lock_event])
[0x000001e8fd808280] Metaspace_lock - owner thread: 0x000001e89d3c30f0

Heap address: 0x00000000c2c00000, size: 980 MB, Compressed Oops mode: 32-bit

CDS archive(s) mapped at: [0x0000000800000000-0x0000000800ba0000-0x0000000800ba0000), size 12189696, SharedBaseAddress: 0x0000000800000000, ArchiveRelocationMode: 0.
Compressed class space mapped at: 0x0000000800c00000-0x0000000840c00000, reserved size: 1073741824
Narrow klass base: 0x0000000800000000, Narrow klass shift: 0, Narrow klass range: 0x100000000

GC Precious Log:
 CardTable entry size: 512
 Card Set container configuration: InlinePtr #cards 5 size 8 Array Of Cards #cards 12 size 40 Howl #buckets 4 coarsen threshold 1843 Howl Bitmap #cards 512 size 80 coarsen threshold 460 Card regions per heap region 1 cards per card region 2048
 CPUs: 2 total, 2 available
 Memory: 3916M
 Large Page Support: Disabled
 NUMA Support: Disabled
 Compressed Oops: Enabled (32-bit)
 Heap Region Size: 1M
 Heap Min Capacity: 8M
 Heap Initial Capacity: 62M
 Heap Max Capacity: 980M
 Pre-touch: Disabled
 Parallel Workers: 2
 Concurrent Workers: 1
 Concurrent Refinement Workers: 2
 Periodic GC: Disabled

Heap:
 garbage-first heap   total 63488K, used 30397K [0x00000000c2c00000, 0x0000000100000000)
  region size 1024K, 29 young (29696K), 2 survivors (2048K)
 Metaspace       used 8818K, committed 9024K, reserved 1114112K
  class space    used 1037K, committed 1152K, reserved 1048576K

Heap Regions: E=young(eden), S=young(survivor), O=old, HS=humongous(starts), HC=humongous(continues), CS=collection set, F=free, OA=open archive, CA=closed archive, TAMS=top-at-mark-start (previous, next)
|   0|0x00000000c2c00000, 0x00000000c2d00000, 0x00000000c2d00000|100%| O|  |TAMS 0x00000000c2c00000, 0x00000000c2c00000| Untracked 
|   1|0x00000000c2d00000, 0x00000000c2dbf000, 0x00000000c2e00000| 74%| O|  |TAMS 0x00000000c2d00000, 0x00000000c2d00000| Untracked 
|   2|0x00000000c2e00000, 0x00000000c2e00000, 0x00000000c2f00000|  0%| F|  |TAMS 0x00000000c2e00000, 0x00000000c2e00000| Untracked 
|   3|0x00000000c2f00000, 0x00000000c2f00000, 0x00000000c3000000|  0%| F|  |TAMS 0x00000000c2f00000, 0x00000000c2f00000| Untracked 
|   4|0x00000000c3000000, 0x00000000c3000000, 0x00000000c3100000|  0%| F|  |TAMS 0x00000000c3000000, 0x00000000c3000000| Untracked 
|   5|0x00000000c3100000, 0x00000000c3100000, 0x00000000c3200000|  0%| F|  |TAMS 0x00000000c3100000, 0x00000000c3100000| Untracked 
|   6|0x00000000c3200000, 0x00000000c3200000, 0x00000000c3300000|  0%| F|  |TAMS 0x00000000c3200000, 0x00000000c3200000| Untracked 
|   7|0x00000000c3300000, 0x00000000c3300000, 0x00000000c3400000|  0%| F|  |TAMS 0x00000000c3300000, 0x00000000c3300000| Untracked 
|   8|0x00000000c3400000, 0x00000000c3400000, 0x00000000c3500000|  0%| F|  |TAMS 0x00000000c3400000, 0x00000000c3400000| Untracked 
|   9|0x00000000c3500000, 0x00000000c3500000, 0x00000000c3600000|  0%| F|  |TAMS 0x00000000c3500000, 0x00000000c3500000| Untracked 
|  10|0x00000000c3600000, 0x00000000c3600000, 0x00000000c3700000|  0%| F|  |TAMS 0x00000000c3600000, 0x00000000c3600000| Untracked 
|  11|0x00000000c3700000, 0x00000000c3700000, 0x00000000c3800000|  0%| F|  |TAMS 0x00000000c3700000, 0x00000000c3700000| Untracked 
|  12|0x00000000c3800000, 0x00000000c3800000, 0x00000000c3900000|  0%| F|  |TAMS 0x00000000c3800000, 0x00000000c3800000| Untracked 
|  13|0x00000000c3900000, 0x00000000c3900000, 0x00000000c3a00000|  0%| F|  |TAMS 0x00000000c3900000, 0x00000000c3900000| Untracked 
|  14|0x00000000c3a00000, 0x00000000c3a00000, 0x00000000c3b00000|  0%| F|  |TAMS 0x00000000c3a00000, 0x00000000c3a00000| Untracked 
|  15|0x00000000c3b00000, 0x00000000c3b00000, 0x00000000c3c00000|  0%| F|  |TAMS 0x00000000c3b00000, 0x00000000c3b00000| Untracked 
|  16|0x00000000c3c00000, 0x00000000c3c00000, 0x00000000c3d00000|  0%| F|  |TAMS 0x00000000c3c00000, 0x00000000c3c00000| Untracked 
|  17|0x00000000c3d00000, 0x00000000c3d00000, 0x00000000c3e00000|  0%| F|  |TAMS 0x00000000c3d00000, 0x00000000c3d00000| Untracked 
|  18|0x00000000c3e00000, 0x00000000c3e00000, 0x00000000c3f00000|  0%| F|  |TAMS 0x00000000c3e00000, 0x00000000c3e00000| Untracked 
|  19|0x00000000c3f00000, 0x00000000c3f00000, 0x00000000c4000000|  0%| F|  |TAMS 0x00000000c3f00000, 0x00000000c3f00000| Untracked 
|  20|0x00000000c4000000, 0x00000000c4000000, 0x00000000c4100000|  0%| F|  |TAMS 0x00000000c4000000, 0x00000000c4000000| Untracked 
|  21|0x00000000c4100000, 0x00000000c4100000, 0x00000000c4200000|  0%| F|  |TAMS 0x00000000c4100000, 0x00000000c4100000| Untracked 
|  22|0x00000000c4200000, 0x00000000c4200000, 0x00000000c4300000|  0%| F|  |TAMS 0x00000000c4200000, 0x00000000c4200000| Untracked 
|  23|0x00000000c4300000, 0x00000000c43f0490, 0x00000000c4400000| 93%| S|CS|TAMS 0x00000000c4300000, 0x00000000c4300000| Complete 
|  24|0x00000000c4400000, 0x00000000c4500000, 0x00000000c4500000|100%| S|CS|TAMS 0x00000000c4400000, 0x00000000c4400000| Complete 
|  25|0x00000000c4500000, 0x00000000c4500000, 0x00000000c4600000|  0%| F|  |TAMS 0x00000000c4500000, 0x00000000c4500000| Untracked 
|  26|0x00000000c4600000, 0x00000000c4600000, 0x00000000c4700000|  0%| F|  |TAMS 0x00000000c4600000, 0x00000000c4600000| Untracked 
|  27|0x00000000c4700000, 0x00000000c4700000, 0x00000000c4800000|  0%| F|  |TAMS 0x00000000c4700000, 0x00000000c4700000| Untracked 
|  28|0x00000000c4800000, 0x00000000c4800000, 0x00000000c4900000|  0%| F|  |TAMS 0x00000000c4800000, 0x00000000c4800000| Untracked 
|  29|0x00000000c4900000, 0x00000000c4900000, 0x00000000c4a00000|  0%| F|  |TAMS 0x00000000c4900000, 0x00000000c4900000| Untracked 
|  30|0x00000000c4a00000, 0x00000000c4a00000, 0x00000000c4b00000|  0%| F|  |TAMS 0x00000000c4a00000, 0x00000000c4a00000| Untracked 
|  31|0x00000000c4b00000, 0x00000000c4b00000, 0x00000000c4c00000|  0%| F|  |TAMS 0x00000000c4b00000, 0x00000000c4b00000| Untracked 
|  32|0x00000000c4c00000, 0x00000000c4c00000, 0x00000000c4d00000|  0%| F|  |TAMS 0x00000000c4c00000, 0x00000000c4c00000| Untracked 
|  33|0x00000000c4d00000, 0x00000000c4d00000, 0x00000000c4e00000|  0%| F|  |TAMS 0x00000000c4d00000, 0x00000000c4d00000| Untracked 
|  34|0x00000000c4e00000, 0x00000000c4e00000, 0x00000000c4f00000|  0%| F|  |TAMS 0x00000000c4e00000, 0x00000000c4e00000| Untracked 
|  35|0x00000000c4f00000, 0x00000000c4f26978, 0x00000000c5000000| 15%| E|  |TAMS 0x00000000c4f00000, 0x00000000c4f00000| Complete 
|  36|0x00000000c5000000, 0x00000000c5100000, 0x00000000c5100000|100%| E|CS|TAMS 0x00000000c5000000, 0x00000000c5000000| Complete 
|  37|0x00000000c5100000, 0x00000000c5200000, 0x00000000c5200000|100%| E|CS|TAMS 0x00000000c5100000, 0x00000000c5100000| Complete 
|  38|0x00000000c5200000, 0x00000000c5300000, 0x00000000c5300000|100%| E|CS|TAMS 0x00000000c5200000, 0x00000000c5200000| Complete 
|  39|0x00000000c5300000, 0x00000000c5400000, 0x00000000c5400000|100%| E|CS|TAMS 0x00000000c5300000, 0x00000000c5300000| Complete 
|  40|0x00000000c5400000, 0x00000000c5500000, 0x00000000c5500000|100%| E|CS|TAMS 0x00000000c5400000, 0x00000000c5400000| Complete 
|  41|0x00000000c5500000, 0x00000000c5600000, 0x00000000c5600000|100%| E|CS|TAMS 0x00000000c5500000, 0x00000000c5500000| Complete 
|  42|0x00000000c5600000, 0x00000000c5700000, 0x00000000c5700000|100%| E|CS|TAMS 0x00000000c5600000, 0x00000000c5600000| Complete 
|  43|0x00000000c5700000, 0x00000000c5800000, 0x00000000c5800000|100%| E|CS|TAMS 0x00000000c5700000, 0x00000000c5700000| Complete 
|  44|0x00000000c5800000, 0x00000000c5900000, 0x00000000c5900000|100%| E|CS|TAMS 0x00000000c5800000, 0x00000000c5800000| Complete 
|  45|0x00000000c5900000, 0x00000000c5a00000, 0x00000000c5a00000|100%| E|CS|TAMS 0x00000000c5900000, 0x00000000c5900000| Complete 
|  46|0x00000000c5a00000, 0x00000000c5b00000, 0x00000000c5b00000|100%| E|CS|TAMS 0x00000000c5a00000, 0x00000000c5a00000| Complete 
|  47|0x00000000c5b00000, 0x00000000c5c00000, 0x00000000c5c00000|100%| E|CS|TAMS 0x00000000c5b00000, 0x00000000c5b00000| Complete 
|  48|0x00000000c5c00000, 0x00000000c5d00000, 0x00000000c5d00000|100%| E|CS|TAMS 0x00000000c5c00000, 0x00000000c5c00000| Complete 
|  49|0x00000000c5d00000, 0x00000000c5e00000, 0x00000000c5e00000|100%| E|CS|TAMS 0x00000000c5d00000, 0x00000000c5d00000| Complete 
|  50|0x00000000c5e00000, 0x00000000c5f00000, 0x00000000c5f00000|100%| E|CS|TAMS 0x00000000c5e00000, 0x00000000c5e00000| Complete 
|  51|0x00000000c5f00000, 0x00000000c6000000, 0x00000000c6000000|100%| E|CS|TAMS 0x00000000c5f00000, 0x00000000c5f00000| Complete 
|  52|0x00000000c6000000, 0x00000000c6100000, 0x00000000c6100000|100%| E|CS|TAMS 0x00000000c6000000, 0x00000000c6000000| Complete 
|  53|0x00000000c6100000, 0x00000000c6200000, 0x00000000c6200000|100%| E|CS|TAMS 0x00000000c6100000, 0x00000000c6100000| Complete 
|  54|0x00000000c6200000, 0x00000000c6300000, 0x00000000c6300000|100%| E|CS|TAMS 0x00000000c6200000, 0x00000000c6200000| Complete 
|  55|0x00000000c6300000, 0x00000000c6400000, 0x00000000c6400000|100%| E|CS|TAMS 0x00000000c6300000, 0x00000000c6300000| Complete 
|  56|0x00000000c6400000, 0x00000000c6500000, 0x00000000c6500000|100%| E|CS|TAMS 0x00000000c6400000, 0x00000000c6400000| Complete 
|  57|0x00000000c6500000, 0x00000000c6600000, 0x00000000c6600000|100%| E|CS|TAMS 0x00000000c6500000, 0x00000000c6500000| Complete 
|  58|0x00000000c6600000, 0x00000000c6700000, 0x00000000c6700000|100%| E|CS|TAMS 0x00000000c6600000, 0x00000000c6600000| Complete 
|  59|0x00000000c6700000, 0x00000000c6800000, 0x00000000c6800000|100%| E|CS|TAMS 0x00000000c6700000, 0x00000000c6700000| Complete 
|  60|0x00000000c6800000, 0x00000000c6900000, 0x00000000c6900000|100%| E|CS|TAMS 0x00000000c6800000, 0x00000000c6800000| Complete 
|  61|0x00000000c6900000, 0x00000000c6a00000, 0x00000000c6a00000|100%| E|CS|TAMS 0x00000000c6900000, 0x00000000c6900000| Complete 

Card table byte_map: [0x000001e8fd8e0000,0x000001e8fdad0000] _byte_map_base: 0x000001e8fd2ca000

Marking Bits (Prev, Next): (CMBitMap*) 0x000001e8fd84d980, (CMBitMap*) 0x000001e8fd84d9c0
 Prev Bits: [0x000001e8fdcc0000, 0x000001e8fec10000)
 Next Bits: [0x000001e8fec10000, 0x000001e8ffb60000)

Polling page: 0x000001e8fcfe0000

Metaspace:

Usage:
  Non-class:      7.60 MB used.
      Class:      1.01 MB used.
       Both:      8.61 MB used.

Virtual space:
  Non-class space:       64.00 MB reserved,       7.69 MB ( 12%) committed,  1 nodes.
      Class space:        1.00 GB reserved,       1.12 MB ( <1%) committed,  1 nodes.
             Both:        1.06 GB reserved,       8.81 MB ( <1%) committed. 

Chunk freelists:
   Non-Class:  3.23 MB
       Class:  2.85 MB
        Both:  6.08 MB

MaxMetaspaceSize: unlimited
CompressedClassSpaceSize: 1.00 GB
Initial GC threshold: 21.00 MB
Current GC threshold: 21.00 MB
CDS: on
MetaspaceReclaimPolicy: balanced
 - commit_granule_bytes: 65536.
 - commit_granule_words: 8192.
 - virtual_space_node_default_size: 8388608.
 - enlarge_chunks_in_place: 1.
 - new_chunks_are_fully_committed: 0.
 - uncommit_free_chunks: 1.
 - use_allocation_guard: 0.


Internal statistics:

num_allocs_failed_limit: 0.
num_arena_births: 148.
num_arena_deaths: 0.
num_vsnodes_births: 2.
num_vsnodes_deaths: 0.
num_space_committed: 141.
num_space_uncommitted: 0.
num_chunks_returned_to_freelist: 0.
num_chunks_taken_from_freelist: 416.
num_chunk_merges: 0.
num_chunk_splits: 273.
num_chunks_enlarged: 212.
num_inconsistent_stats: 0.

CodeHeap 'non-profiled nmethods': size=120064Kb used=800Kb max_used=800Kb free=119263Kb
 bounds [0x000001e88f320000, 0x000001e88f590000, 0x000001e896860000]
CodeHeap 'profiled nmethods': size=120000Kb used=3290Kb max_used=3290Kb free=116709Kb
 bounds [0x000001e887df0000, 0x000001e888130000, 0x000001e88f320000]
CodeHeap 'non-nmethods': size=5696Kb used=1165Kb max_used=1187Kb free=4530Kb
 bounds [0x000001e887860000, 0x000001e887ad0000, 0x000001e887df0000]
 total_blobs=2299 nmethods=1856 adapters=356
 compilation: enabled
              stopped_count=0, restarted_count=0
 full_count=0

Compilation events (20 events):
Event: 11.008 Thread 0x000001e8ffd7bd30 1849       3       java.util.Arrays$ArrayList::size (6 bytes)
Event: 11.008 Thread 0x000001e8ffd7bd30 nmethod 1849 0x000001e888124f10 code [0x000001e8881250a0, 0x000001e8881251b8]
Event: 11.014 Thread 0x000001e8ffd6ab40 nmethod 1840 0x000001e88f3dfc90 code [0x000001e88f3dfe40, 0x000001e88f3e0618]
Event: 11.014 Thread 0x000001e8ffd6ab40 1848       4       java.net.URL::isValidProtocol (78 bytes)
Event: 11.020 Thread 0x000001e8ffd6ab40 nmethod 1848 0x000001e88f3e0a10 code [0x000001e88f3e0be0, 0x000001e88f3e0fb0]
Event: 11.031 Thread 0x000001e8ffd7bd30 1850       3       java.util.Arrays::asList (9 bytes)
Event: 11.031 Thread 0x000001e8ffd7bd30 nmethod 1850 0x000001e888125290 code [0x000001e888125460, 0x000001e8881258e8]
Event: 11.031 Thread 0x000001e8ffd7bd30 1851       3       java.util.Arrays$ArrayList::<init> (16 bytes)
Event: 11.032 Thread 0x000001e8ffd7bd30 nmethod 1851 0x000001e888125a90 code [0x000001e888125c60, 0x000001e888126048]
Event: 11.040 Thread 0x000001e8ffd7bd30 1852       3       java.nio.Buffer::limit (65 bytes)
Event: 11.041 Thread 0x000001e8ffd7bd30 nmethod 1852 0x000001e888126210 code [0x000001e8881263c0, 0x000001e888126688]
Event: 11.047 Thread 0x000001e8ffd6ab40 1855       4       java.lang.ClassLoader::checkName (37 bytes)
Event: 11.050 Thread 0x000001e8ffd6ab40 nmethod 1855 0x000001e88f3e1d90 code [0x000001e88f3e1f20, 0x000001e88f3e2098]
Event: 11.051 Thread 0x000001e8ffd6ab40 1856       4       java.lang.String::regionMatches (150 bytes)
Event: 11.061 Thread 0x000001e8ffd6ab40 nmethod 1856 0x000001e88f3e2210 code [0x000001e88f3e23c0, 0x000001e88f3e2bb8]
Event: 11.062 Thread 0x000001e8ffd6ab40 1857   !   4       java.util.concurrent.ConcurrentHashMap::putVal (432 bytes)
Event: 11.079 Thread 0x000001e8ffd7bd30 1858       3       org.springframework.boot.loader.LaunchedURLClassLoader$$Lambda$14/0x0000000800c087e0::run (16 bytes)
Event: 11.080 Thread 0x000001e8ffd7bd30 nmethod 1858 0x000001e888126790 code [0x000001e888126940, 0x000001e888126a88]
Event: 11.086 Thread 0x000001e8ffd6ab40 nmethod 1857 0x000001e88f3e3590 code [0x000001e88f3e37a0, 0x000001e88f3e47b0]
Event: 11.086 Thread 0x000001e8ffd6ab40 1859       4       org.springframework.boot.loader.jar.Handler::parseURL (54 bytes)

GC Heap History (8 events):
Event: 4.388 GC heap before
{Heap before GC invocations=0 (full 0):
 garbage-first heap   total 63488K, used 5120K [0x00000000c2c00000, 0x0000000100000000)
  region size 1024K, 6 young (6144K), 0 survivors (0K)
 Metaspace       used 1089K, committed 1280K, reserved 1114112K
  class space    used 101K, committed 192K, reserved 1048576K
}
Event: 4.499 GC heap after
{Heap after GC invocations=1 (full 0):
 garbage-first heap   total 63488K, used 1776K [0x00000000c2c00000, 0x0000000100000000)
  region size 1024K, 1 young (1024K), 1 survivors (1024K)
 Metaspace       used 1089K, committed 1280K, reserved 1114112K
  class space    used 101K, committed 192K, reserved 1048576K
}
Event: 4.905 GC heap before
{Heap before GC invocations=1 (full 0):
 garbage-first heap   total 63488K, used 5872K [0x00000000c2c00000, 0x0000000100000000)
  region size 1024K, 6 young (6144K), 1 survivors (1024K)
 Metaspace       used 1656K, committed 1856K, reserved 1114112K
  class space    used 157K, committed 256K, reserved 1048576K
}
Event: 4.908 GC heap after
{Heap after GC invocations=2 (full 0):
 garbage-first heap   total 63488K, used 1986K [0x00000000c2c00000, 0x0000000100000000)
  region size 1024K, 1 young (1024K), 1 survivors (1024K)
 Metaspace       used 1656K, committed 1856K, reserved 1114112K
  class space    used 157K, committed 256K, reserved 1048576K
}
Event: 6.458 GC heap before
{Heap before GC invocations=2 (full 0):
 garbage-first heap   total 63488K, used 14274K [0x00000000c2c00000, 0x0000000100000000)
  region size 1024K, 13 young (13312K), 1 survivors (1024K)
 Metaspace       used 2844K, committed 3008K, reserved 1114112K
  class space    used 299K, committed 384K, reserved 1048576K
}
Event: 6.460 GC heap after
{Heap after GC invocations=3 (full 0):
 garbage-first heap   total 63488K, used 2346K [0x00000000c2c00000, 0x0000000100000000)
  region size 1024K, 1 young (1024K), 1 survivors (1024K)
 Metaspace       used 2844K, committed 3008K, reserved 1114112K
  class space    used 299K, committed 384K, reserved 1048576K
}
Event: 9.992 GC heap before
{Heap before GC invocations=3 (full 0):
 garbage-first heap   total 63488K, used 39210K [0x00000000c2c00000, 0x0000000100000000)
  region size 1024K, 37 young (37888K), 1 survivors (1024K)
 Metaspace       used 6879K, committed 7040K, reserved 1114112K
  class space    used 821K, committed 896K, reserved 1048576K
}
Event: 9.999 GC heap after
{Heap after GC invocations=4 (full 0):
 garbage-first heap   total 63488K, used 3773K [0x00000000c2c00000, 0x0000000100000000)
  region size 1024K, 2 young (2048K), 2 survivors (2048K)
 Metaspace       used 6879K, committed 7040K, reserved 1114112K
  class space    used 821K, committed 896K, reserved 1048576K
}

Deoptimization events (20 events):
Event: 10.966 Thread 0x000001e8fd80e800 DEOPT PACKING pc=0x000001e887edb0e6 sp=0x00000078aebfe0a0
Event: 10.967 Thread 0x000001e8fd80e800 DEOPT UNPACKING pc=0x000001e8878b2b24 sp=0x00000078aebfd568 mode 0
Event: 10.967 Thread 0x000001e8fd80e800 DEOPT PACKING pc=0x000001e8880fb1fe sp=0x00000078aebfdec0
Event: 10.967 Thread 0x000001e8fd80e800 DEOPT UNPACKING pc=0x000001e8878b2b24 sp=0x00000078aebfd330 mode 0
Event: 10.967 Thread 0x000001e8fd80e800 DEOPT PACKING pc=0x000001e887edb0e6 sp=0x00000078aebfe0a0
Event: 10.968 Thread 0x000001e8fd80e800 DEOPT UNPACKING pc=0x000001e8878b2b24 sp=0x00000078aebfd568 mode 0
Event: 10.968 Thread 0x000001e8fd80e800 DEOPT PACKING pc=0x000001e8880fb1fe sp=0x00000078aebfdec0
Event: 10.968 Thread 0x000001e8fd80e800 DEOPT UNPACKING pc=0x000001e8878b2b24 sp=0x00000078aebfd330 mode 0
Event: 10.970 Thread 0x000001e8fd80e800 DEOPT PACKING pc=0x000001e887edb0e6 sp=0x00000078aebfe0a0
Event: 10.970 Thread 0x000001e8fd80e800 DEOPT UNPACKING pc=0x000001e8878b2b24 sp=0x00000078aebfd568 mode 0
Event: 10.971 Thread 0x000001e8fd80e800 DEOPT PACKING pc=0x000001e8880fb1fe sp=0x00000078aebfdec0
Event: 10.971 Thread 0x000001e8fd80e800 DEOPT UNPACKING pc=0x000001e8878b2b24 sp=0x00000078aebfd330 mode 0
Event: 10.975 Thread 0x000001e8fd80e800 DEOPT PACKING pc=0x000001e887edb0e6 sp=0x00000078aebfe0a0
Event: 10.975 Thread 0x000001e8fd80e800 DEOPT UNPACKING pc=0x000001e8878b2b24 sp=0x00000078aebfd568 mode 0
Event: 10.975 Thread 0x000001e8fd80e800 DEOPT PACKING pc=0x000001e8880fb1fe sp=0x00000078aebfdec0
Event: 10.975 Thread 0x000001e8fd80e800 DEOPT UNPACKING pc=0x000001e8878b2b24 sp=0x00000078aebfd330 mode 0
Event: 11.041 Thread 0x000001e89d3c30f0 Uncommon trap: trap_request=0xffffffde fr.pc=0x000001e88f3c4c88 relative=0x0000000000000aa8
Event: 11.041 Thread 0x000001e89d3c30f0 Uncommon trap: reason=class_check action=maybe_recompile pc=0x000001e88f3c4c88 method=java.net.URL.getURLStreamHandler(Ljava/lang/String;)Ljava/net/URLStreamHandler; @ 7 c2
Event: 11.041 Thread 0x000001e89d3c30f0 DEOPT PACKING pc=0x000001e88f3c4c88 sp=0x00000078afffde20
Event: 11.041 Thread 0x000001e89d3c30f0 DEOPT UNPACKING pc=0x000001e8878b239d sp=0x00000078afffddd8 mode 2

Classes loaded (20 events):
Event: 10.245 Loading class com/sun/beans/introspect/PropertyInfo$Name
Event: 10.246 Loading class com/sun/beans/introspect/PropertyInfo$Name done
Event: 10.246 Loading class java/beans/GenericBeanInfo
Event: 10.246 Loading class java/beans/SimpleBeanInfo
Event: 10.246 Loading class java/beans/SimpleBeanInfo done
Event: 10.246 Loading class java/beans/GenericBeanInfo done
Event: 10.249 Loading class java/util/Hashtable$EntrySet
Event: 10.249 Loading class java/util/Hashtable$EntrySet done
Event: 10.465 Loading class java/util/regex/Pattern$LazyLoop
Event: 10.466 Loading class java/util/regex/Pattern$Loop
Event: 10.466 Loading class java/util/regex/Pattern$Loop done
Event: 10.466 Loading class java/util/regex/Pattern$LazyLoop done
Event: 10.466 Loading class java/util/regex/Pattern$Prolog
Event: 10.466 Loading class java/util/regex/Pattern$Prolog done
Event: 11.049 Loading class javax/naming/ldap/LdapContext
Event: 11.049 Loading class javax/naming/directory/DirContext
Event: 11.050 Loading class javax/naming/Context
Event: 11.050 Loading class javax/naming/Context done
Event: 11.050 Loading class javax/naming/directory/DirContext done
Event: 11.050 Loading class javax/naming/ldap/LdapContext done

Classes unloaded (0 events):
No events

Classes redefined (0 events):
No events

Internal exceptions (20 events):
Event: 9.607 Thread 0x000001e8fd80e800 Exception <a 'java/lang/NoClassDefFoundError'{0x00000000c4a1c7c8}: javax/validation/ValidationException> (0x00000000c4a1c7c8) 
thrown [t:\workspace\open\src\hotspot\share\classfile\systemDictionary.cpp, line 244]
Event: 9.646 Thread 0x000001e8fd80e800 Implicit null exception at 0x000001e88f36b077 to 0x000001e88f36b0f0
Event: 9.712 Thread 0x000001e8fd80e800 Exception <a 'java/lang/ClassNotFoundException'{0x00000000c49719e8}: sun/util/logging/resources/spi/loggingProvider> (0x00000000c49719e8) 
thrown [t:\workspace\open\src\hotspot\share\classfile\systemDictionary.cpp, line 255]
Event: 9.795 Thread 0x000001e8fd80e800 Exception <a 'java/lang/NoSuchMethodError'{0x00000000c48d7bd8}: 'int java.lang.invoke.Invokers$Holder.invokeExact_MT(java.lang.Object, java.lang.Object)'> (0x00000000c48d7bd8) 
thrown [t:\workspace\open\src\hotspot\share\interpreter\linkResolver.cpp, line 766]
Event: 9.855 Thread 0x000001e8fd80e800 Exception <a 'java/lang/NoSuchMethodError'{0x00000000c46ac668}: 'java.lang.Object java.lang.invoke.DirectMethodHandle$Holder.invokeInterface(java.lang.Object, java.lang.Object)'> (0x00000000c46ac668) 
thrown [t:\workspace\open\src\hotspot\share\interpreter\linkResolver.cpp, line 766]
Event: 10.212 Thread 0x000001e8fd80e800 Exception <a 'java/lang/ClassNotFoundException'{0x00000000c649fe38}: java/lang/ObjectCustomizer> (0x00000000c649fe38) 
thrown [t:\workspace\open\src\hotspot\share\classfile\systemDictionary.cpp, line 255]
Event: 10.232 Thread 0x000001e8fd80e800 Exception <a 'java/lang/IncompatibleClassChangeError'{0x00000000c64a4e18}: Found class java.lang.Object, but interface was expected> (0x00000000c64a4e18) 
thrown [t:\workspace\open\src\hotspot\share\interpreter\linkResolver.cpp, line 833]
Event: 10.247 Thread 0x000001e8fd80e800 Exception <a 'java/lang/ClassNotFoundException'{0x00000000c64d37c0}: org/springframework/context/annotation/ConfigurationClassPostProcessorCustomizer> (0x00000000c64d37c0) 
thrown [t:\workspace\open\src\hotspot\share\classfile\systemDictionary.cpp, line 255]
Event: 10.280 Thread 0x000001e8fd80e800 Exception <a 'java/lang/ClassNotFoundException'{0x00000000c636a7e8}: org/springframework/beans/factory/support/BeanDefinitionRegistryPostProcessorCustomizer> (0x00000000c636a7e8) 
thrown [t:\workspace\open\src\hotspot\share\classfile\systemDictionary.cpp, line 255]
Event: 10.282 Thread 0x000001e8fd80e800 Exception <a 'java/lang/ClassNotFoundException'{0x00000000c637f4a8}: org/springframework/beans/factory/config/BeanFactoryPostProcessorCustomizer> (0x00000000c637f4a8) 
thrown [t:\workspace\open\src\hotspot\share\classfile\systemDictionary.cpp, line 255]
Event: 10.310 Thread 0x000001e8fd80e800 Exception <a 'java/lang/ClassNotFoundException'{0x00000000c6392b18}: org/springframework/core/PriorityOrderedCustomizer> (0x00000000c6392b18) 
thrown [t:\workspace\open\src\hotspot\share\classfile\systemDictionary.cpp, line 255]
Event: 10.333 Thread 0x000001e8fd80e800 Exception <a 'java/lang/ClassNotFoundException'{0x00000000c63a4440}: org/springframework/core/OrderedCustomizer> (0x00000000c63a4440) 
thrown [t:\workspace\open\src\hotspot\share\classfile\systemDictionary.cpp, line 255]
Event: 10.342 Thread 0x000001e8fd80e800 Exception <a 'java/lang/ClassNotFoundException'{0x00000000c63b7c50}: org/springframework/context/ResourceLoaderAwareCustomizer> (0x00000000c63b7c50) 
thrown [t:\workspace\open\src\hotspot\share\classfile\systemDictionary.cpp, line 255]
Event: 10.360 Thread 0x000001e8fd80e800 Exception <a 'java/lang/ClassNotFoundException'{0x00000000c63caef8}: org/springframework/beans/factory/AwareCustomizer> (0x00000000c63caef8) 
thrown [t:\workspace\open\src\hotspot\share\classfile\systemDictionary.cpp, line 255]
Event: 10.361 Thread 0x000001e8fd80e800 Exception <a 'java/lang/ClassNotFoundException'{0x00000000c63ddf60}: org/springframework/beans/factory/BeanClassLoaderAwareCustomizer> (0x00000000c63ddf60) 
thrown [t:\workspace\open\src\hotspot\share\classfile\systemDictionary.cpp, line 255]
Event: 10.365 Thread 0x000001e8fd80e800 Exception <a 'java/lang/ClassNotFoundException'{0x00000000c63f11d0}: org/springframework/beans/factory/AwareCustomizer> (0x00000000c63f11d0) 
thrown [t:\workspace\open\src\hotspot\share\classfile\systemDictionary.cpp, line 255]
Event: 10.366 Thread 0x000001e8fd80e800 Exception <a 'java/lang/ClassNotFoundException'{0x00000000c6203cc8}: org/springframework/context/EnvironmentAwareCustomizer> (0x00000000c6203cc8) 
thrown [t:\workspace\open\src\hotspot\share\classfile\systemDictionary.cpp, line 255]
Event: 10.366 Thread 0x000001e8fd80e800 Exception <a 'java/lang/ClassNotFoundException'{0x00000000c6216ea8}: org/springframework/beans/factory/AwareCustomizer> (0x00000000c6216ea8) 
thrown [t:\workspace\open\src\hotspot\share\classfile\systemDictionary.cpp, line 255]
Event: 10.463 Thread 0x000001e8fd80e800 Exception <a 'java/lang/ClassNotFoundException'{0x00000000c6075820}: org/springframework/boot/loader/jar/Handler> (0x00000000c6075820) 
thrown [t:\workspace\open\src\hotspot\share\classfile\systemDictionary.cpp, line 255]
Event: 10.798 Thread 0x000001e8fd80e800 Exception <a 'java/lang/NoSuchMethodError'{0x00000000c5953da0}: 'int java.lang.invoke.DirectMethodHandle$Holder.invokeSpecialIFC(java.lang.Object, java.lang.Object, java.lang.Object, java.lang.Object)'> (0x00000000c5953da0) 
thrown [t:\workspace\open\src\hotspot\share\interpreter\linkResolver.cpp, line 766]

VM Operations (20 events):
Event: 6.481 Executing VM operation: HandshakeAllThreads
Event: 6.481 Executing VM operation: HandshakeAllThreads done
Event: 7.485 Executing VM operation: Cleanup
Event: 7.673 Executing VM operation: Cleanup done
Event: 8.229 Executing VM operation: HandshakeAllThreads
Event: 8.229 Executing VM operation: HandshakeAllThreads done
Event: 8.237 Executing VM operation: HandshakeAllThreads
Event: 8.238 Executing VM operation: HandshakeAllThreads done
Event: 9.244 Executing VM operation: Cleanup
Event: 9.499 Executing VM operation: Cleanup done
Event: 9.763 Executing VM operation: HandshakeAllThreads
Event: 9.763 Executing VM operation: HandshakeAllThreads done
Event: 9.992 Executing VM operation: G1CollectForAllocation
Event: 9.999 Executing VM operation: G1CollectForAllocation done
Event: 10.132 Executing VM operation: HandshakeAllThreads
Event: 10.132 Executing VM operation: HandshakeAllThreads done
Event: 10.241 Executing VM operation: HandshakeAllThreads
Event: 10.241 Executing VM operation: HandshakeAllThreads done
Event: 10.422 Executing VM operation: HandshakeAllThreads
Event: 10.422 Executing VM operation: HandshakeAllThreads done

Events (20 events):
Event: 0.917 Thread 0x000001e8ffd4fd60 Thread added: 0x000001e8ffd4fd60
Event: 0.917 Thread 0x000001e8ffd509c0 Thread added: 0x000001e8ffd509c0
Event: 1.088 Thread 0x000001e8ffd66170 Thread added: 0x000001e8ffd66170
Event: 1.088 Thread 0x000001e8ffd67b20 Thread added: 0x000001e8ffd67b20
Event: 1.088 Thread 0x000001e8ffd684c0 Thread added: 0x000001e8ffd684c0
Event: 1.088 Thread 0x000001e8ffd68e60 Thread added: 0x000001e8ffd68e60
Event: 1.088 Thread 0x000001e8ffd6ab40 Thread added: 0x000001e8ffd6ab40
Event: 1.579 Thread 0x000001e8ffd7bd30 Thread added: 0x000001e8ffd7bd30
Event: 1.682 Thread 0x000001e8ffddc530 Thread added: 0x000001e8ffddc530
Event: 1.917 Thread 0x000001e89cc2c550 Thread added: 0x000001e89cc2c550
Event: 1.937 Thread 0x000001e89cc2fa60 Thread added: 0x000001e89cc2fa60
Event: 2.040 Loaded shared library C:\Program Files\Java\jdk-18\bin\net.dll
Event: 2.249 Loaded shared library C:\Program Files\Java\jdk-18\bin\nio.dll
Event: 2.449 Loaded shared library C:\Program Files\Java\jdk-18\bin\zip.dll
Event: 2.941 Loaded shared library C:\Program Files\Java\jdk-18\bin\jimage.dll
Event: 7.829 Loaded shared library C:\Program Files\Java\jdk-18\bin\management.dll
Event: 7.836 Loaded shared library C:\Program Files\Java\jdk-18\bin\management_ext.dll
Event: 8.255 Thread 0x000001e89ce20280 Thread added: 0x000001e89ce20280
Event: 8.489 Thread 0x000001e89ce20280 Thread exited: 0x000001e89ce20280
Event: 10.992 Thread 0x000001e89d3c30f0 Thread added: 0x000001e89d3c30f0


Dynamic libraries:
0x00007ff7823e0000 - 0x00007ff7823f0000 	C:\Program Files\Java\jdk-18\bin\java.exe
0x00007ff9db050000 - 0x00007ff9db245000 	C:\Windows\SYSTEM32\ntdll.dll
0x00007ff9d94b0000 - 0x00007ff9d956e000 	C:\Windows\System32\KERNEL32.DLL
0x00007ff9d8cd0000 - 0x00007ff9d8f98000 	C:\Windows\System32\KERNELBASE.dll
0x00007ff9d8810000 - 0x00007ff9d8910000 	C:\Windows\System32\ucrtbase.dll
0x00007ff9d2290000 - 0x00007ff9d22a8000 	C:\Program Files\Java\jdk-18\bin\jli.dll
0x00007ff9d9700000 - 0x00007ff9d97ae000 	C:\Windows\System32\ADVAPI32.dll
0x00007ff9d92c0000 - 0x00007ff9d935e000 	C:\Windows\System32\msvcrt.dll
0x00007ff9d9410000 - 0x00007ff9d94ac000 	C:\Windows\System32\sechost.dll
0x00007ff9da8c0000 - 0x00007ff9da9e5000 	C:\Windows\System32\RPCRT4.dll
0x00007ff9dad50000 - 0x00007ff9daef0000 	C:\Windows\System32\USER32.dll
0x00007ff9d8fa0000 - 0x00007ff9d8fc2000 	C:\Windows\System32\win32u.dll
0x00007ff9da890000 - 0x00007ff9da8ba000 	C:\Windows\System32\GDI32.dll
0x00007ff9d8bc0000 - 0x00007ff9d8ccb000 	C:\Windows\System32\gdi32full.dll
0x00007ff9d89c0000 - 0x00007ff9d8a5d000 	C:\Windows\System32\msvcp_win.dll
0x00007ff9bd600000 - 0x00007ff9bd61a000 	C:\Program Files\Java\jdk-18\bin\VCRUNTIME140.dll
0x00007ff9c63c0000 - 0x00007ff9c665a000 	C:\Windows\WinSxS\amd64_microsoft.windows.common-controls_6595b64144ccf1df_6.0.19041.1110_none_60b5254171f9507e\COMCTL32.dll
0x00007ff9cfc80000 - 0x00007ff9cfc8a000 	C:\Windows\SYSTEM32\VERSION.dll
0x00007ff9da080000 - 0x00007ff9da0b0000 	C:\Windows\System32\IMM32.DLL
0x00007ff9c3a80000 - 0x00007ff9c3a8c000 	C:\Program Files\Java\jdk-18\bin\vcruntime140_1.dll
0x00007ff9b51e0000 - 0x00007ff9b526d000 	C:\Program Files\Java\jdk-18\bin\msvcp140.dll
0x00007ff9a0820000 - 0x00007ff9a1431000 	C:\Program Files\Java\jdk-18\bin\server\jvm.dll
0x00007ff9db000000 - 0x00007ff9db008000 	C:\Windows\System32\PSAPI.DLL
0x00007ff9d1000000 - 0x00007ff9d1009000 	C:\Windows\SYSTEM32\WSOCK32.dll
0x00007ff9da0b0000 - 0x00007ff9da11b000 	C:\Windows\System32\WS2_32.dll
0x00007ff9c4280000 - 0x00007ff9c42a7000 	C:\Windows\SYSTEM32\WINMM.dll
0x00007ff9d7030000 - 0x00007ff9d7042000 	C:\Windows\SYSTEM32\kernel.appcore.dll
0x00007ff9c2720000 - 0x00007ff9c272a000 	C:\Program Files\Java\jdk-18\bin\jimage.dll
0x00007ff9d6d00000 - 0x00007ff9d6ee4000 	C:\Windows\SYSTEM32\DBGHELP.DLL
0x00007ff9c6aa0000 - 0x00007ff9c6acc000 	C:\Windows\SYSTEM32\dbgcore.DLL
0x00007ff9d8fd0000 - 0x00007ff9d9052000 	C:\Windows\System32\bcryptPrimitives.dll
0x00007ff9bc600000 - 0x00007ff9bc625000 	C:\Program Files\Java\jdk-18\bin\java.dll
0x00007ff9acb80000 - 0x00007ff9acc56000 	C:\Program Files\Java\jdk-18\bin\jsvml.dll
0x00007ff9d9930000 - 0x00007ff9da074000 	C:\Windows\System32\SHELL32.dll
0x00007ff9d6490000 - 0x00007ff9d6c24000 	C:\Windows\SYSTEM32\windows.storage.dll
0x00007ff9da9f0000 - 0x00007ff9dad44000 	C:\Windows\System32\combase.dll
0x00007ff9d8030000 - 0x00007ff9d805c000 	C:\Windows\SYSTEM32\Wldp.dll
0x00007ff9daf50000 - 0x00007ff9daffd000 	C:\Windows\System32\SHCORE.dll
0x00007ff9d91f0000 - 0x00007ff9d9245000 	C:\Windows\System32\shlwapi.dll
0x00007ff9d86b0000 - 0x00007ff9d86cf000 	C:\Windows\SYSTEM32\profapi.dll
0x00007ff9bc580000 - 0x00007ff9bc593000 	C:\Program Files\Java\jdk-18\bin\net.dll
0x00007ff9cda40000 - 0x00007ff9cdb4a000 	C:\Windows\SYSTEM32\WINHTTP.dll
0x00007ff9d7e10000 - 0x00007ff9d7e7a000 	C:\Windows\system32\mswsock.dll
0x00007ff9b9e60000 - 0x00007ff9b9e76000 	C:\Program Files\Java\jdk-18\bin\nio.dll
0x00007ff9bc1d0000 - 0x00007ff9bc1e8000 	C:\Program Files\Java\jdk-18\bin\zip.dll
0x00007ff9bcdb0000 - 0x00007ff9bcdb9000 	C:\Program Files\Java\jdk-18\bin\management.dll
0x00007ff9bcb90000 - 0x00007ff9bcb9b000 	C:\Program Files\Java\jdk-18\bin\management_ext.dll
0x00007ff9ac080000 - 0x00007ff9ac097000 	C:\Windows\system32\napinsp.dll
0x00007ff9ac060000 - 0x00007ff9ac07b000 	C:\Windows\system32\pnrpnsp.dll
0x00007ff9adda0000 - 0x00007ff9addb5000 	C:\Windows\system32\wshbth.dll
0x00007ff9d31a0000 - 0x00007ff9d31bd000 	C:\Windows\system32\NLAapi.dll
0x00007ff9d7b20000 - 0x00007ff9d7b5b000 	C:\Windows\SYSTEM32\IPHLPAPI.DLL
0x00007ff9d7b60000 - 0x00007ff9d7c2b000 	C:\Windows\SYSTEM32\DNSAPI.dll
0x00007ff9d91e0000 - 0x00007ff9d91e8000 	C:\Windows\System32\NSI.dll
0x00007ff9aba60000 - 0x00007ff9aba72000 	C:\Windows\System32\winrnr.dll
0x00007ff9c7910000 - 0x00007ff9c791a000 	C:\Windows\System32\rasadhlp.dll
0x00007ff9c7ac0000 - 0x00007ff9c7b3f000 	C:\Windows\System32\fwpuclnt.dll
0x00007ff9d87e0000 - 0x00007ff9d8807000 	C:\Windows\System32\bcrypt.dll

dbghelp: loaded successfully - version: 4.0.5 - missing functions: none
symbol engine: initialized successfully - sym options: 0x614 - pdb path: .;C:\Program Files\Java\jdk-18\bin;C:\Windows\SYSTEM32;C:\Windows\WinSxS\amd64_microsoft.windows.common-controls_6595b64144ccf1df_6.0.19041.1110_none_60b5254171f9507e;C:\Program Files\Java\jdk-18\bin\server

VM Arguments:
java_command: c:\Users\paulo\.vscode\extensions\salesforce.salesforce-vscode-slds-1.4.8\lsp-0.0.13-executable.jar --PORT=63940
java_class_path (initial): c:\Users\paulo\.vscode\extensions\salesforce.salesforce-vscode-slds-1.4.8\lsp-0.0.13-executable.jar
Launcher Type: SUN_STANDARD

[Global flags]
     intx CICompilerCount                          = 2                                         {product} {ergonomic}
     uint ConcGCThreads                            = 1                                         {product} {ergonomic}
     uint G1ConcRefinementThreads                  = 2                                         {product} {ergonomic}
   size_t G1HeapRegionSize                         = 1048576                                   {product} {ergonomic}
    uintx GCDrainStackTargetSize                   = 64                                        {product} {ergonomic}
   size_t InitialHeapSize                          = 65011712                                  {product} {ergonomic}
   size_t MarkStackSize                            = 4194304                                   {product} {ergonomic}
   size_t MaxHeapSize                              = 1027604480                                {product} {ergonomic}
   size_t MaxNewSize                               = 616562688                                 {product} {ergonomic}
   size_t MinHeapDeltaBytes                        = 1048576                                   {product} {ergonomic}
   size_t MinHeapSize                              = 8388608                                   {product} {ergonomic}
    uintx NonNMethodCodeHeapSize                   = 5826188                                {pd product} {ergonomic}
    uintx NonProfiledCodeHeapSize                  = 122916026                              {pd product} {ergonomic}
    uintx ProfiledCodeHeapSize                     = 122916026                              {pd product} {ergonomic}
    uintx ReservedCodeCacheSize                    = 251658240                              {pd product} {ergonomic}
     bool SegmentedCodeCache                       = true                                      {product} {ergonomic}
   size_t SoftMaxHeapSize                          = 1027604480                             {manageable} {ergonomic}
     bool UseCompressedClassPointers               = true                           {product lp64_product} {ergonomic}
     bool UseCompressedOops                        = true                           {product lp64_product} {ergonomic}
     bool UseG1GC                                  = true                                      {product} {ergonomic}
     bool UseLargePagesIndividualAllocation        = false                                  {pd product} {ergonomic}

Logging:
Log output configuration:
 #0: stdout all=warning uptime,level,tags foldmultilines=false
 #1: stderr all=off uptime,level,tags foldmultilines=false

Environment Variables:
JAVA_HOME=C:\Program Files\Java\jdk-18
PATH=C:\Python310\Scripts\;C:\Python310\;C:\Program Files\Common Files\Oracle\Java\javapath;C:\Windows\system32;C:\Windows;C:\Windows\System32\Wbem;C:\Windows\System32\WindowsPowerShell\v1.0\;C:\Windows\System32\OpenSSH\;C:\Program Files\sfdx\bin;C:\Program Files\Java\jdk-18\bin;C:\ProgramData\chocolatey\bin;C:\Program Files\Docker\Docker\resources\bin;C:\ProgramData\DockerDesktop\version-bin;%NVM_HOME%;%NVM_SYMLINK%;C:\Program Files\nodejs\;C:\Users\paulo\AppData\Local\Microsoft\WindowsApps;C:\Users\paulo\AppData\Local\Programs\Microsoft VS Code\bin;C:\Users\paulo\AppData\Local\Programs\Git\cmd;C:\Users\paulo\AppData\Roaming\npm
USERNAME=paulo
OS=Windows_NT
PROCESSOR_IDENTIFIER=Intel64 Family 6 Model 122 Stepping 8, GenuineIntel



---------------  S Y S T E M  ---------------

OS:
 Windows 10 , 64 bit Build 19041 (10.0.19041.1645)
OS uptime: 3 days 3:18 hours
Hyper-V role detected

CPU: total 2 (initial active 2) (2 cores per cpu, 1 threads per core) family 6 model 122 stepping 8 microcode 0x16, cx8, cmov, fxsr, mmx, 3dnowpref, sse, sse2, sse3, ssse3, sse4.1, sse4.2, popcnt, tsc, tscinvbit, aes, erms, clmul, sha, clflush, clflushopt, hv

Memory: 4k page, system-wide physical 3916M (232M free)
TotalPageFile size 15692M (AvailPageFile size 2M)
current process WorkingSet (physical memory assigned to process): 98M, peak: 98M
current process commit charge ("private bytes"): 148M, peak: 149M

vm_info: Java HotSpot(TM) 64-Bit Server VM (18+36-2087) for windows-amd64 JRE (18+36-2087), built on Feb 15 2022 09:43:11 by "mach5one" with MS VC++ 16.8 / 16.9 (VS2019)

END.
