#
# There is insufficient memory for the Java Runtime Environment to continue.
# Native memory allocation (malloc) failed to allocate 228816 bytes for Chunk::new
# Possible reasons:
#   The system is out of physical RAM or swap space
#   The process is running with CompressedOops enabled, and the Java Heap may be blocking the growth of the native heap
# Possible solutions:
#   Reduce memory load on the system
#   Increase physical memory or swap space
#   Check if swap backing store is full
#   Decrease Java heap size (-Xmx/-Xms)
#   Decrease number of Java threads
#   Decrease Java thread stack sizes (-Xss)
#   Set larger code cache with -XX:ReservedCodeCacheSize=
#   JVM is running with Unscaled Compressed Oops mode in which the Java heap is
#     placed in the first 4GB address space. The Java Heap base address is the
#     maximum limit for the native heap growth. Please use -XX:HeapBaseMinAddress
#     to set the Java Heap base and to place the Java Heap above 4GB virtual address.
# This output file may be truncated or incomplete.
#
#  Out of Memory Error (arena.cpp:184), pid=5976, tid=5660
#
# JRE version: Java(TM) SE Runtime Environment (18.0+36) (build 18+36-2087)
# Java VM: Java HotSpot(TM) 64-Bit Server VM (18+36-2087, mixed mode, sharing, tiered, compressed oops, compressed class ptrs, g1 gc, windows-amd64)
# No core dump will be written. Minidumps are not enabled by default on client versions of Windows
#

---------------  S U M M A R Y ------------

Command Line: c:\Users\paulo\.vscode\extensions\salesforce.salesforce-vscode-slds-1.4.8\lsp-0.0.13-executable.jar --PORT=63996

Host: Intel(R) Celeron(R) N4020 CPU @ 1.10GHz, 2 cores, 3G,  Windows 10 , 64 bit Build 19041 (10.0.19041.1645)
Time: Sun May  1 16:28:58 2022 Hora oficial do Brasil elapsed time: 11.892161 seconds (0d 0h 0m 11s)

---------------  T H R E A D  ---------------

Current thread (0x000001c878acb610):  JavaThread "C2 CompilerThread0" daemon [_thread_in_native, id=5660, stack(0x000000aca5100000,0x000000aca5200000)]


Current CompileTask:
C2:  11892 3380       4       org.springframework.boot.context.properties.source.ConfigurationPropertyName$ElementsParser::parse (234 bytes)

Stack: [0x000000aca5100000,0x000000aca5200000]
Native frames: (J=compiled Java code, j=interpreted, Vv=VM code, C=native code)
V  [jvm.dll+0x69804a]
V  [jvm.dll+0x7f308d]
V  [jvm.dll+0x7f499e]
V  [jvm.dll+0x7f5053]
V  [jvm.dll+0x25ca3f]
V  [jvm.dll+0xb8c2f]
V  [jvm.dll+0xb8fa5]
V  [jvm.dll+0x385a6b]
V  [jvm.dll+0x1d2455]
V  [jvm.dll+0x22fd79]
V  [jvm.dll+0x22eff1]
V  [jvm.dll+0x1b9cfc]
V  [jvm.dll+0x23e8ca]
V  [jvm.dll+0x23cbac]
V  [jvm.dll+0x7a5781]
V  [jvm.dll+0x79fbba]
V  [jvm.dll+0x696ef5]
C  [ucrtbase.dll+0x21bb2]
C  [KERNEL32.DLL+0x17034]
C  [ntdll.dll+0x52651]


---------------  P R O C E S S  ---------------

Threads class SMR info:
_java_thread_list=0x000001c87ce15fe0, length=13, elements={
0x000001c86adde750, 0x000001c878aae670, 0x000001c878aaf1e0, 0x000001c878ac6c40,
0x000001c878ac85f0, 0x000001c878ac8f90, 0x000001c878ac9930, 0x000001c878acb610,
0x000001c878b34c10, 0x000001c878b38130, 0x000001c878b8eb00, 0x000001c878b91650,
0x000001c87e322600
}

Java Threads: ( => current thread )
  0x000001c86adde750 JavaThread "main" [_thread_in_Java, id=15472, stack(0x000000aca4300000,0x000000aca4400000)]
  0x000001c878aae670 JavaThread "Reference Handler" daemon [_thread_blocked, id=6824, stack(0x000000aca4b00000,0x000000aca4c00000)]
  0x000001c878aaf1e0 JavaThread "Finalizer" daemon [_thread_blocked, id=8292, stack(0x000000aca4c00000,0x000000aca4d00000)]
  0x000001c878ac6c40 JavaThread "Signal Dispatcher" daemon [_thread_blocked, id=10484, stack(0x000000aca4d00000,0x000000aca4e00000)]
  0x000001c878ac85f0 JavaThread "Attach Listener" daemon [_thread_blocked, id=3000, stack(0x000000aca4e00000,0x000000aca4f00000)]
  0x000001c878ac8f90 JavaThread "Service Thread" daemon [_thread_blocked, id=11696, stack(0x000000aca4f00000,0x000000aca5000000)]
  0x000001c878ac9930 JavaThread "Monitor Deflation Thread" daemon [_thread_blocked, id=1704, stack(0x000000aca5000000,0x000000aca5100000)]
=>0x000001c878acb610 JavaThread "C2 CompilerThread0" daemon [_thread_in_native, id=5660, stack(0x000000aca5100000,0x000000aca5200000)]
  0x000001c878b34c10 JavaThread "C1 CompilerThread0" daemon [_thread_blocked, id=8368, stack(0x000000aca5200000,0x000000aca5300000)]
  0x000001c878b38130 JavaThread "Sweeper thread" daemon [_thread_blocked, id=9312, stack(0x000000aca5300000,0x000000aca5400000)]
  0x000001c878b8eb00 JavaThread "Notification Thread" daemon [_thread_blocked, id=2064, stack(0x000000aca5400000,0x000000aca5500000)]
  0x000001c878b91650 JavaThread "Common-Cleaner" daemon [_thread_blocked, id=5840, stack(0x000000aca5600000,0x000000aca5700000)]
  0x000001c87e322600 JavaThread "pool-1-thread-1" [_thread_in_native, id=7968, stack(0x000000aca5800000,0x000000aca5900000)]

Other Threads:
  0x000001c86aeace70 VMThread "VM Thread" [stack: 0x000000aca4a00000,0x000000aca4b00000] [id=15536]
  0x000001c878b913e0 WatcherThread "VM Periodic Task Thread" [stack: 0x000000aca5500000,0x000000aca5600000] [id=12484]
  0x000001c86ae1d2d0 WorkerThread "GC Thread#0" [stack: 0x000000aca4500000,0x000000aca4600000] [id=14316]
  0x000001c87d08f700 WorkerThread "GC Thread#1" [stack: 0x000000aca5700000,0x000000aca5800000] [id=3488]
  0x000001c86ae25c80 ConcurrentGCThread "G1 Main Marker" [stack: 0x000000aca4600000,0x000000aca4700000] [id=6692]
  0x000001c86ae28690 WorkerThread "G1 Conc#0" [stack: 0x000000aca4700000,0x000000aca4800000] [id=16204]
  0x000001c86ae474c0 ConcurrentGCThread "G1 Refine#0" [stack: 0x000000aca4800000,0x000000aca4900000] [id=11040]
  0x000001c86ae47dd0 ConcurrentGCThread "G1 Service" [stack: 0x000000aca4900000,0x000000aca4a00000] [id=6084]

Threads with active compile tasks:
C2 CompilerThread0    11928 3380       4       org.springframework.boot.context.properties.source.ConfigurationPropertyName$ElementsParser::parse (234 bytes)

VM state: not at safepoint (normal execution)

VM Mutex/Monitor currently owned by a thread: None

Heap address: 0x00000000c2c00000, size: 980 MB, Compressed Oops mode: 32-bit

CDS archive(s) mapped at: [0x0000000800000000-0x0000000800ba0000-0x0000000800ba0000), size 12189696, SharedBaseAddress: 0x0000000800000000, ArchiveRelocationMode: 0.
Compressed class space mapped at: 0x0000000800c00000-0x0000000840c00000, reserved size: 1073741824
Narrow klass base: 0x0000000800000000, Narrow klass shift: 0, Narrow klass range: 0x100000000

GC Precious Log:
 CardTable entry size: 512
 Card Set container configuration: InlinePtr #cards 5 size 8 Array Of Cards #cards 12 size 40 Howl #buckets 4 coarsen threshold 1843 Howl Bitmap #cards 512 size 80 coarsen threshold 460 Card regions per heap region 1 cards per card region 2048
 CPUs: 2 total, 2 available
 Memory: 3916M
 Large Page Support: Disabled
 NUMA Support: Disabled
 Compressed Oops: Enabled (32-bit)
 Heap Region Size: 1M
 Heap Min Capacity: 8M
 Heap Initial Capacity: 62M
 Heap Max Capacity: 980M
 Pre-touch: Disabled
 Parallel Workers: 2
 Concurrent Workers: 1
 Concurrent Refinement Workers: 2
 Periodic GC: Disabled

Heap:
 garbage-first heap   total 63488K, used 23184K [0x00000000c2c00000, 0x0000000100000000)
  region size 1024K, 20 young (20480K), 4 survivors (4096K)
 Metaspace       used 19544K, committed 19840K, reserved 1114112K
  class space    used 2240K, committed 2368K, reserved 1048576K

Heap Regions: E=young(eden), S=young(survivor), O=old, HS=humongous(starts), HC=humongous(continues), CS=collection set, F=free, OA=open archive, CA=closed archive, TAMS=top-at-mark-start (previous, next)
|   0|0x00000000c2c00000, 0x00000000c2d00000, 0x00000000c2d00000|100%| O|  |TAMS 0x00000000c2c00000, 0x00000000c2c00000| Untracked 
|   1|0x00000000c2d00000, 0x00000000c2e00000, 0x00000000c2e00000|100%| O|  |TAMS 0x00000000c2d00000, 0x00000000c2d00000| Untracked 
|   2|0x00000000c2e00000, 0x00000000c2f00000, 0x00000000c2f00000|100%| O|  |TAMS 0x00000000c2e00000, 0x00000000c2e00000| Untracked 
|   3|0x00000000c2f00000, 0x00000000c2fa4000, 0x00000000c3000000| 64%| O|  |TAMS 0x00000000c2f00000, 0x00000000c2f00000| Untracked 
|   4|0x00000000c3000000, 0x00000000c3000000, 0x00000000c3100000|  0%| F|  |TAMS 0x00000000c3000000, 0x00000000c3000000| Untracked 
|   5|0x00000000c3100000, 0x00000000c3100000, 0x00000000c3200000|  0%| F|  |TAMS 0x00000000c3100000, 0x00000000c3100000| Untracked 
|   6|0x00000000c3200000, 0x00000000c3200000, 0x00000000c3300000|  0%| F|  |TAMS 0x00000000c3200000, 0x00000000c3200000| Untracked 
|   7|0x00000000c3300000, 0x00000000c3300000, 0x00000000c3400000|  0%| F|  |TAMS 0x00000000c3300000, 0x00000000c3300000| Untracked 
|   8|0x00000000c3400000, 0x00000000c3400000, 0x00000000c3500000|  0%| F|  |TAMS 0x00000000c3400000, 0x00000000c3400000| Untracked 
|   9|0x00000000c3500000, 0x00000000c3500000, 0x00000000c3600000|  0%| F|  |TAMS 0x00000000c3500000, 0x00000000c3500000| Untracked 
|  10|0x00000000c3600000, 0x00000000c3600000, 0x00000000c3700000|  0%| F|  |TAMS 0x00000000c3600000, 0x00000000c3600000| Untracked 
|  11|0x00000000c3700000, 0x00000000c3700000, 0x00000000c3800000|  0%| F|  |TAMS 0x00000000c3700000, 0x00000000c3700000| Untracked 
|  12|0x00000000c3800000, 0x00000000c3800000, 0x00000000c3900000|  0%| F|  |TAMS 0x00000000c3800000, 0x00000000c3800000| Untracked 
|  13|0x00000000c3900000, 0x00000000c3900000, 0x00000000c3a00000|  0%| F|  |TAMS 0x00000000c3900000, 0x00000000c3900000| Untracked 
|  14|0x00000000c3a00000, 0x00000000c3a00000, 0x00000000c3b00000|  0%| F|  |TAMS 0x00000000c3a00000, 0x00000000c3a00000| Untracked 
|  15|0x00000000c3b00000, 0x00000000c3b00000, 0x00000000c3c00000|  0%| F|  |TAMS 0x00000000c3b00000, 0x00000000c3b00000| Untracked 
|  16|0x00000000c3c00000, 0x00000000c3c00000, 0x00000000c3d00000|  0%| F|  |TAMS 0x00000000c3c00000, 0x00000000c3c00000| Untracked 
|  17|0x00000000c3d00000, 0x00000000c3d00000, 0x00000000c3e00000|  0%| F|  |TAMS 0x00000000c3d00000, 0x00000000c3d00000| Untracked 
|  18|0x00000000c3e00000, 0x00000000c3e00000, 0x00000000c3f00000|  0%| F|  |TAMS 0x00000000c3e00000, 0x00000000c3e00000| Untracked 
|  19|0x00000000c3f00000, 0x00000000c3f00000, 0x00000000c4000000|  0%| F|  |TAMS 0x00000000c3f00000, 0x00000000c3f00000| Untracked 
|  20|0x00000000c4000000, 0x00000000c4000000, 0x00000000c4100000|  0%| F|  |TAMS 0x00000000c4000000, 0x00000000c4000000| Untracked 
|  21|0x00000000c4100000, 0x00000000c4100000, 0x00000000c4200000|  0%| F|  |TAMS 0x00000000c4100000, 0x00000000c4100000| Untracked 
|  22|0x00000000c4200000, 0x00000000c4300000, 0x00000000c4300000|100%| S|CS|TAMS 0x00000000c4200000, 0x00000000c4200000| Complete 
|  23|0x00000000c4300000, 0x00000000c4300000, 0x00000000c4400000|  0%| F|  |TAMS 0x00000000c4300000, 0x00000000c4300000| Untracked 
|  24|0x00000000c4400000, 0x00000000c4400000, 0x00000000c4500000|  0%| F|  |TAMS 0x00000000c4400000, 0x00000000c4400000| Untracked 
|  25|0x00000000c4500000, 0x00000000c4600000, 0x00000000c4600000|100%| S|CS|TAMS 0x00000000c4500000, 0x00000000c4500000| Complete 
|  26|0x00000000c4600000, 0x00000000c4700000, 0x00000000c4700000|100%| S|CS|TAMS 0x00000000c4600000, 0x00000000c4600000| Complete 
|  27|0x00000000c4700000, 0x00000000c4700000, 0x00000000c4800000|  0%| F|  |TAMS 0x00000000c4700000, 0x00000000c4700000| Untracked 
|  28|0x00000000c4800000, 0x00000000c4900000, 0x00000000c4900000|100%| S|CS|TAMS 0x00000000c4800000, 0x00000000c4800000| Complete 
|  29|0x00000000c4900000, 0x00000000c4900000, 0x00000000c4a00000|  0%| F|  |TAMS 0x00000000c4900000, 0x00000000c4900000| Untracked 
|  30|0x00000000c4a00000, 0x00000000c4a00000, 0x00000000c4b00000|  0%| F|  |TAMS 0x00000000c4a00000, 0x00000000c4a00000| Untracked 
|  31|0x00000000c4b00000, 0x00000000c4b00000, 0x00000000c4c00000|  0%| F|  |TAMS 0x00000000c4b00000, 0x00000000c4b00000| Untracked 
|  32|0x00000000c4c00000, 0x00000000c4c00000, 0x00000000c4d00000|  0%| F|  |TAMS 0x00000000c4c00000, 0x00000000c4c00000| Untracked 
|  33|0x00000000c4d00000, 0x00000000c4d00000, 0x00000000c4e00000|  0%| F|  |TAMS 0x00000000c4d00000, 0x00000000c4d00000| Untracked 
|  34|0x00000000c4e00000, 0x00000000c4e00000, 0x00000000c4f00000|  0%| F|  |TAMS 0x00000000c4e00000, 0x00000000c4e00000| Untracked 
|  35|0x00000000c4f00000, 0x00000000c4f00000, 0x00000000c5000000|  0%| F|  |TAMS 0x00000000c4f00000, 0x00000000c4f00000| Untracked 
|  36|0x00000000c5000000, 0x00000000c5000000, 0x00000000c5100000|  0%| F|  |TAMS 0x00000000c5000000, 0x00000000c5000000| Untracked 
|  37|0x00000000c5100000, 0x00000000c5100000, 0x00000000c5200000|  0%| F|  |TAMS 0x00000000c5100000, 0x00000000c5100000| Untracked 
|  38|0x00000000c5200000, 0x00000000c5200000, 0x00000000c5300000|  0%| F|  |TAMS 0x00000000c5200000, 0x00000000c5200000| Untracked 
|  39|0x00000000c5300000, 0x00000000c5300000, 0x00000000c5400000|  0%| F|  |TAMS 0x00000000c5300000, 0x00000000c5300000| Untracked 
|  40|0x00000000c5400000, 0x00000000c5400000, 0x00000000c5500000|  0%| F|  |TAMS 0x00000000c5400000, 0x00000000c5400000| Untracked 
|  41|0x00000000c5500000, 0x00000000c5500000, 0x00000000c5600000|  0%| F|  |TAMS 0x00000000c5500000, 0x00000000c5500000| Untracked 
|  42|0x00000000c5600000, 0x00000000c5600000, 0x00000000c5700000|  0%| F|  |TAMS 0x00000000c5600000, 0x00000000c5600000| Untracked 
|  43|0x00000000c5700000, 0x00000000c5700000, 0x00000000c5800000|  0%| F|  |TAMS 0x00000000c5700000, 0x00000000c5700000| Untracked 
|  44|0x00000000c5800000, 0x00000000c5800000, 0x00000000c5900000|  0%| F|  |TAMS 0x00000000c5800000, 0x00000000c5800000| Untracked 
|  45|0x00000000c5900000, 0x00000000c5900000, 0x00000000c5a00000|  0%| F|  |TAMS 0x00000000c5900000, 0x00000000c5900000| Untracked 
|  46|0x00000000c5a00000, 0x00000000c5b00000, 0x00000000c5b00000|100%| E|  |TAMS 0x00000000c5a00000, 0x00000000c5a00000| Complete 
|  47|0x00000000c5b00000, 0x00000000c5c00000, 0x00000000c5c00000|100%| E|CS|TAMS 0x00000000c5b00000, 0x00000000c5b00000| Complete 
|  48|0x00000000c5c00000, 0x00000000c5d00000, 0x00000000c5d00000|100%| E|CS|TAMS 0x00000000c5c00000, 0x00000000c5c00000| Complete 
|  49|0x00000000c5d00000, 0x00000000c5e00000, 0x00000000c5e00000|100%| E|CS|TAMS 0x00000000c5d00000, 0x00000000c5d00000| Complete 
|  50|0x00000000c5e00000, 0x00000000c5f00000, 0x00000000c5f00000|100%| E|CS|TAMS 0x00000000c5e00000, 0x00000000c5e00000| Complete 
|  51|0x00000000c5f00000, 0x00000000c6000000, 0x00000000c6000000|100%| E|CS|TAMS 0x00000000c5f00000, 0x00000000c5f00000| Complete 
|  52|0x00000000c6000000, 0x00000000c6100000, 0x00000000c6100000|100%| E|CS|TAMS 0x00000000c6000000, 0x00000000c6000000| Complete 
|  53|0x00000000c6100000, 0x00000000c6200000, 0x00000000c6200000|100%| E|CS|TAMS 0x00000000c6100000, 0x00000000c6100000| Complete 
|  54|0x00000000c6200000, 0x00000000c6300000, 0x00000000c6300000|100%| E|CS|TAMS 0x00000000c6200000, 0x00000000c6200000| Complete 
|  55|0x00000000c6300000, 0x00000000c6400000, 0x00000000c6400000|100%| E|CS|TAMS 0x00000000c6300000, 0x00000000c6300000| Complete 
|  56|0x00000000c6400000, 0x00000000c6500000, 0x00000000c6500000|100%| E|CS|TAMS 0x00000000c6400000, 0x00000000c6400000| Complete 
|  57|0x00000000c6500000, 0x00000000c6600000, 0x00000000c6600000|100%| E|CS|TAMS 0x00000000c6500000, 0x00000000c6500000| Complete 
|  58|0x00000000c6600000, 0x00000000c6700000, 0x00000000c6700000|100%| E|CS|TAMS 0x00000000c6600000, 0x00000000c6600000| Complete 
|  59|0x00000000c6700000, 0x00000000c6800000, 0x00000000c6800000|100%| E|CS|TAMS 0x00000000c6700000, 0x00000000c6700000| Complete 
|  60|0x00000000c6800000, 0x00000000c6900000, 0x00000000c6900000|100%| E|CS|TAMS 0x00000000c6800000, 0x00000000c6800000| Complete 
|  61|0x00000000c6900000, 0x00000000c6a00000, 0x00000000c6a00000|100%| E|CS|TAMS 0x00000000c6900000, 0x00000000c6900000| Complete 

Card table byte_map: [0x000001c874500000,0x000001c8746f0000] _byte_map_base: 0x000001c873eea000

Marking Bits (Prev, Next): (CMBitMap*) 0x000001c86ae1d8d0, (CMBitMap*) 0x000001c86ae1d910
 Prev Bits: [0x000001c8748e0000, 0x000001c875830000)
 Next Bits: [0x000001c875830000, 0x000001c876780000)

Polling page: 0x000001c86aeb0000

Metaspace:

Usage:
  Non-class:     16.90 MB used.
      Class:      2.19 MB used.
       Both:     19.09 MB used.

Virtual space:
  Non-class space:       64.00 MB reserved,      17.06 MB ( 27%) committed,  1 nodes.
      Class space:        1.00 GB reserved,       2.31 MB ( <1%) committed,  1 nodes.
             Both:        1.06 GB reserved,      19.38 MB (  2%) committed. 

Chunk freelists:
   Non-Class:  2.09 MB
       Class:  1.50 MB
        Both:  3.59 MB

MaxMetaspaceSize: unlimited
CompressedClassSpaceSize: 1.00 GB
Initial GC threshold: 21.00 MB
Current GC threshold: 21.00 MB
CDS: on
MetaspaceReclaimPolicy: balanced
 - commit_granule_bytes: 65536.
 - commit_granule_words: 8192.
 - virtual_space_node_default_size: 8388608.
 - enlarge_chunks_in_place: 1.
 - new_chunks_are_fully_committed: 0.
 - uncommit_free_chunks: 1.
 - use_allocation_guard: 0.


Internal statistics:

num_allocs_failed_limit: 0.
num_arena_births: 240.
num_arena_deaths: 0.
num_vsnodes_births: 2.
num_vsnodes_deaths: 0.
num_space_committed: 310.
num_space_uncommitted: 0.
num_chunks_returned_to_freelist: 0.
num_chunks_taken_from_freelist: 903.
num_chunk_merges: 0.
num_chunk_splits: 633.
num_chunks_enlarged: 502.
num_inconsistent_stats: 0.

CodeHeap 'non-profiled nmethods': size=120064Kb used=1525Kb max_used=1525Kb free=118538Kb
 bounds [0x000001c807ac0000, 0x000001c807d30000, 0x000001c80f000000]
CodeHeap 'profiled nmethods': size=120000Kb used=6966Kb max_used=6966Kb free=113033Kb
 bounds [0x000001c800590000, 0x000001c800c60000, 0x000001c807ac0000]
CodeHeap 'non-nmethods': size=5696Kb used=1219Kb max_used=1264Kb free=4476Kb
 bounds [0x000001c800000000, 0x000001c800270000, 0x000001c800590000]
 total_blobs=3907 nmethods=3391 adapters=429
 compilation: enabled
              stopped_count=0, restarted_count=0
 full_count=0

Compilation events (20 events):
Event: 11.834 Thread 0x000001c878b34c10 3385       3       org.springframework.boot.context.properties.source.SystemEnvironmentPropertyMapper::convertLegacyNameElement (15 bytes)
Event: 11.834 Thread 0x000001c878b34c10 nmethod 3385 0x000001c800c4eb10 code [0x000001c800c4ed00, 0x000001c800c4f088]
Event: 11.835 Thread 0x000001c878b34c10 3387       3       java.time.Clock::currentInstant (84 bytes)
Event: 11.836 Thread 0x000001c878b34c10 nmethod 3387 0x000001c800c4f210 code [0x000001c800c4f480, 0x000001c800c4fcf8]
Event: 11.836 Thread 0x000001c878b34c10 3388       3       org.springframework.boot.context.properties.source.SoftReferenceConfigurationPropertyCache::get (67 bytes)
Event: 11.838 Thread 0x000001c878b34c10 nmethod 3388 0x000001c800c50010 code [0x000001c800c503c0, 0x000001c800c51e78]
Event: 11.838 Thread 0x000001c878b34c10 3389       3       org.springframework.boot.context.properties.source.SpringIterableConfigurationPropertySource$$Lambda$55/0x0000000800c8ead0::get (8 bytes)
Event: 11.838 Thread 0x000001c878b34c10 nmethod 3389 0x000001c800c52790 code [0x000001c800c52940, 0x000001c800c52b08]
Event: 11.839 Thread 0x000001c878b34c10 3390       3       org.springframework.boot.context.properties.source.SpringIterableConfigurationPropertySource$Mappings::updateMappings (261 bytes)
Event: 11.841 Thread 0x000001c878b34c10 nmethod 3390 0x000001c800c52c10 code [0x000001c800c53020, 0x000001c800c550a8]
Event: 11.841 Thread 0x000001c878b34c10 3391   !   3       org.springframework.boot.context.properties.source.SpringIterableConfigurationPropertySource$Mappings::updateMappings (46 bytes)
Event: 11.841 Thread 0x000001c878b34c10 nmethod 3391 0x000001c800c55c10 code [0x000001c800c55de0, 0x000001c800c56298]
Event: 11.843 Thread 0x000001c878b34c10 3392       3       java.util.concurrent.ConcurrentHashMap$CollectionView::toArray (204 bytes)
Event: 11.844 Thread 0x000001c878b34c10 nmethod 3392 0x000001c800c56490 code [0x000001c800c56760, 0x000001c800c57898]
Event: 11.847 Thread 0x000001c878b34c10 3393       3       java.lang.Class$AnnotationData::<init> (20 bytes)
Event: 11.847 Thread 0x000001c878b34c10 nmethod 3393 0x000001c800c57e10 code [0x000001c800c57fc0, 0x000001c800c581d8]
Event: 11.851 Thread 0x000001c878b34c10 3394   !   3       org.springframework.boot.loader.jar.JarFileEntries::getEntry (131 bytes)
Event: 11.852 Thread 0x000001c878b34c10 nmethod 3394 0x000001c800c58290 code [0x000001c800c58520, 0x000001c800c59588]
Event: 11.855 Thread 0x000001c878b34c10 3395   !   3       java.lang.ClassLoader::addClass (27 bytes)
Event: 11.856 Thread 0x000001c878b34c10 nmethod 3395 0x000001c800c59c90 code [0x000001c800c59e60, 0x000001c800c5a488]

GC Heap History (14 events):
Event: 1.958 GC heap before
{Heap before GC invocations=0 (full 0):
 garbage-first heap   total 63488K, used 6144K [0x00000000c2c00000, 0x0000000100000000)
  region size 1024K, 6 young (6144K), 0 survivors (0K)
 Metaspace       used 1085K, committed 1280K, reserved 1114112K
  class space    used 101K, committed 192K, reserved 1048576K
}
Event: 2.000 GC heap after
{Heap after GC invocations=1 (full 0):
 garbage-first heap   total 63488K, used 1776K [0x00000000c2c00000, 0x0000000100000000)
  region size 1024K, 1 young (1024K), 1 survivors (1024K)
 Metaspace       used 1085K, committed 1280K, reserved 1114112K
  class space    used 101K, committed 192K, reserved 1048576K
}
Event: 2.338 GC heap before
{Heap before GC invocations=1 (full 0):
 garbage-first heap   total 63488K, used 5872K [0x00000000c2c00000, 0x0000000100000000)
  region size 1024K, 6 young (6144K), 1 survivors (1024K)
 Metaspace       used 1656K, committed 1856K, reserved 1114112K
  class space    used 157K, committed 256K, reserved 1048576K
}
Event: 2.342 GC heap after
{Heap after GC invocations=2 (full 0):
 garbage-first heap   total 63488K, used 2057K [0x00000000c2c00000, 0x0000000100000000)
  region size 1024K, 1 young (1024K), 1 survivors (1024K)
 Metaspace       used 1656K, committed 1856K, reserved 1114112K
  class space    used 157K, committed 256K, reserved 1048576K
}
Event: 3.422 GC heap before
{Heap before GC invocations=2 (full 0):
 garbage-first heap   total 63488K, used 13321K [0x00000000c2c00000, 0x0000000100000000)
  region size 1024K, 13 young (13312K), 1 survivors (1024K)
 Metaspace       used 2862K, committed 3072K, reserved 1114112K
  class space    used 302K, committed 384K, reserved 1048576K
}
Event: 3.429 GC heap after
{Heap after GC invocations=3 (full 0):
 garbage-first heap   total 63488K, used 2380K [0x00000000c2c00000, 0x0000000100000000)
  region size 1024K, 1 young (1024K), 1 survivors (1024K)
 Metaspace       used 2862K, committed 3072K, reserved 1114112K
  class space    used 302K, committed 384K, reserved 1048576K
}
Event: 5.031 GC heap before
{Heap before GC invocations=3 (full 0):
 garbage-first heap   total 63488K, used 38220K [0x00000000c2c00000, 0x0000000100000000)
  region size 1024K, 37 young (37888K), 1 survivors (1024K)
 Metaspace       used 7047K, committed 7296K, reserved 1114112K
  class space    used 836K, committed 960K, reserved 1048576K
}
Event: 5.041 GC heap after
{Heap after GC invocations=4 (full 0):
 garbage-first heap   total 63488K, used 3905K [0x00000000c2c00000, 0x0000000100000000)
  region size 1024K, 2 young (2048K), 2 survivors (2048K)
 Metaspace       used 7047K, committed 7296K, reserved 1114112K
  class space    used 836K, committed 960K, reserved 1048576K
}
Event: 6.641 GC heap before
{Heap before GC invocations=4 (full 0):
 garbage-first heap   total 63488K, used 39745K [0x00000000c2c00000, 0x0000000100000000)
  region size 1024K, 37 young (37888K), 2 survivors (2048K)
 Metaspace       used 9475K, committed 9664K, reserved 1114112K
  class space    used 1102K, committed 1216K, reserved 1048576K
}
Event: 6.648 GC heap after
{Heap after GC invocations=5 (full 0):
 garbage-first heap   total 63488K, used 4848K [0x00000000c2c00000, 0x0000000100000000)
  region size 1024K, 3 young (3072K), 3 survivors (3072K)
 Metaspace       used 9475K, committed 9664K, reserved 1114112K
  class space    used 1102K, committed 1216K, reserved 1048576K
}
Event: 8.352 GC heap before
{Heap before GC invocations=5 (full 0):
 garbage-first heap   total 63488K, used 39664K [0x00000000c2c00000, 0x0000000100000000)
  region size 1024K, 37 young (37888K), 3 survivors (3072K)
 Metaspace       used 13623K, committed 13888K, reserved 1114112K
  class space    used 1589K, committed 1728K, reserved 1048576K
}
Event: 8.363 GC heap after
{Heap after GC invocations=6 (full 0):
 garbage-first heap   total 63488K, used 6364K [0x00000000c2c00000, 0x0000000100000000)
  region size 1024K, 4 young (4096K), 4 survivors (4096K)
 Metaspace       used 13623K, committed 13888K, reserved 1114112K
  class space    used 1589K, committed 1728K, reserved 1048576K
}
Event: 10.639 GC heap before
{Heap before GC invocations=6 (full 0):
 garbage-first heap   total 63488K, used 40156K [0x00000000c2c00000, 0x0000000100000000)
  region size 1024K, 37 young (37888K), 4 survivors (4096K)
 Metaspace       used 18172K, committed 18432K, reserved 1114112K
  class space    used 2077K, committed 2240K, reserved 1048576K
}
Event: 10.656 GC heap after
{Heap after GC invocations=7 (full 0):
 garbage-first heap   total 63488K, used 7824K [0x00000000c2c00000, 0x0000000100000000)
  region size 1024K, 4 young (4096K), 4 survivors (4096K)
 Metaspace       used 18172K, committed 18432K, reserved 1114112K
  class space    used 2077K, committed 2240K, reserved 1048576K
}

Deoptimization events (20 events):
Event: 11.594 Thread 0x000001c86adde750 Uncommon trap: trap_request=0xffffffde fr.pc=0x000001c807b2b8e8 relative=0x0000000000000788
Event: 11.594 Thread 0x000001c86adde750 Uncommon trap: reason=class_check action=maybe_recompile pc=0x000001c807b2b8e8 method=java.util.HashMap.putVal(ILjava/lang/Object;Ljava/lang/Object;ZZ)Ljava/lang/Object; @ 203 c2
Event: 11.594 Thread 0x000001c86adde750 DEOPT PACKING pc=0x000001c807b2b8e8 sp=0x000000aca43fdf80
Event: 11.594 Thread 0x000001c86adde750 DEOPT UNPACKING pc=0x000001c80005239d sp=0x000000aca43fde90 mode 2
Event: 11.594 Thread 0x000001c86adde750 Uncommon trap: trap_request=0xffffffde fr.pc=0x000001c807b2b8e8 relative=0x0000000000000788
Event: 11.594 Thread 0x000001c86adde750 Uncommon trap: reason=class_check action=maybe_recompile pc=0x000001c807b2b8e8 method=java.util.HashMap.putVal(ILjava/lang/Object;Ljava/lang/Object;ZZ)Ljava/lang/Object; @ 203 c2
Event: 11.594 Thread 0x000001c86adde750 DEOPT PACKING pc=0x000001c807b2b8e8 sp=0x000000aca43fdf80
Event: 11.594 Thread 0x000001c86adde750 DEOPT UNPACKING pc=0x000001c80005239d sp=0x000000aca43fde90 mode 2
Event: 11.594 Thread 0x000001c86adde750 Uncommon trap: trap_request=0xffffffde fr.pc=0x000001c807b2b8e8 relative=0x0000000000000788
Event: 11.594 Thread 0x000001c86adde750 Uncommon trap: reason=class_check action=maybe_recompile pc=0x000001c807b2b8e8 method=java.util.HashMap.putVal(ILjava/lang/Object;Ljava/lang/Object;ZZ)Ljava/lang/Object; @ 203 c2
Event: 11.594 Thread 0x000001c86adde750 DEOPT PACKING pc=0x000001c807b2b8e8 sp=0x000000aca43fdf80
Event: 11.594 Thread 0x000001c86adde750 DEOPT UNPACKING pc=0x000001c80005239d sp=0x000000aca43fde90 mode 2
Event: 11.595 Thread 0x000001c86adde750 Uncommon trap: trap_request=0xffffffde fr.pc=0x000001c807b29ee8 relative=0x0000000000000788
Event: 11.595 Thread 0x000001c86adde750 Uncommon trap: reason=class_check action=maybe_recompile pc=0x000001c807b29ee8 method=java.util.HashMap.putVal(ILjava/lang/Object;Ljava/lang/Object;ZZ)Ljava/lang/Object; @ 203 c2
Event: 11.595 Thread 0x000001c86adde750 DEOPT PACKING pc=0x000001c807b29ee8 sp=0x000000aca43fded0
Event: 11.595 Thread 0x000001c86adde750 DEOPT UNPACKING pc=0x000001c80005239d sp=0x000000aca43fde80 mode 2
Event: 11.808 Thread 0x000001c86adde750 Uncommon trap: trap_request=0xffffff45 fr.pc=0x000001c807be6ffc relative=0x0000000000005efc
Event: 11.808 Thread 0x000001c86adde750 Uncommon trap: reason=unstable_if action=reinterpret pc=0x000001c807be6ffc method=java.time.LocalDate.create(III)Ljava/time/LocalDate; @ 7 c2
Event: 11.808 Thread 0x000001c86adde750 DEOPT PACKING pc=0x000001c807be6ffc sp=0x000000aca43fc8a0
Event: 11.808 Thread 0x000001c86adde750 DEOPT UNPACKING pc=0x000001c80005239d sp=0x000000aca43fc5d8 mode 2

Classes loaded (20 events):
Event: 10.876 Loading class org/w3c/dom/Document
Event: 10.877 Loading class org/w3c/dom/Document done
Event: 11.186 Loading class java/util/logging/LogRecord$CallerFinder
Event: 11.187 Loading class java/util/logging/LogRecord$CallerFinder done
Event: 11.218 Loading class java/lang/StackWalker$Option
Event: 11.218 Loading class java/lang/StackWalker$Option done
Event: 11.219 Loading class java/lang/StackStreamFactory
Event: 11.219 Loading class java/lang/StackStreamFactory done
Event: 11.219 Loading class java/lang/StackWalker$ExtendedOption
Event: 11.220 Loading class java/lang/StackWalker$ExtendedOption done
Event: 11.220 Loading class java/lang/StackStreamFactory$StackFrameTraverser
Event: 11.220 Loading class java/lang/StackStreamFactory$StackFrameTraverser done
Event: 11.220 Loading class java/lang/StackStreamFactory$WalkerState
Event: 11.220 Loading class java/lang/StackStreamFactory$WalkerState done
Event: 11.220 Loading class java/lang/StackStreamFactory$1
Event: 11.220 Loading class java/lang/StackStreamFactory$1 done
Event: 11.220 Loading class java/lang/StackStreamFactory$StackFrameTraverser$StackFrameBuffer
Event: 11.221 Loading class java/lang/StackStreamFactory$FrameBuffer
Event: 11.221 Loading class java/lang/StackStreamFactory$FrameBuffer done
Event: 11.221 Loading class java/lang/StackStreamFactory$StackFrameTraverser$StackFrameBuffer done

Classes unloaded (0 events):
No events

Classes redefined (0 events):
No events

Internal exceptions (20 events):
Event: 6.257 Thread 0x000001c86adde750 Exception <a 'java/lang/NoSuchMethodError'{0x00000000c4d93740}: 'void java.lang.invoke.DirectMethodHandle$Holder.invokeStatic(java.lang.Object, java.lang.Object, java.lang.Object, java.lang.Object)'> (0x00000000c4d93740) 
thrown [t:\workspace\open\src\hotspot\share\interpreter\linkResolver.cpp, line 766]
Event: 6.263 Thread 0x000001c86adde750 Exception <a 'java/lang/NoSuchMethodError'{0x00000000c4da21c8}: 'void java.lang.invoke.DirectMethodHandle$Holder.invokeInterface(java.lang.Object, java.lang.Object, java.lang.Object, java.lang.Object)'> (0x00000000c4da21c8) 
thrown [t:\workspace\open\src\hotspot\share\interpreter\linkResolver.cpp, line 766]
Event: 7.029 Thread 0x000001c86adde750 Exception <a 'java/lang/NoSuchMethodError'{0x00000000c5f82ab8}: 'java.lang.Object java.lang.invoke.Invokers$Holder.invokeExact_MT(java.lang.Object, java.lang.Object, java.lang.Object, java.lang.Object, java.lang.Object)'> (0x00000000c5f82ab8) 
thrown [t:\workspace\open\src\hotspot\share\interpreter\linkResolver.cpp, line 766]
Event: 7.079 Thread 0x000001c86adde750 Exception <a 'java/lang/NoSuchMethodError'{0x00000000c5d66ba8}: 'void java.lang.invoke.Invokers$Holder.invokeExact_MT(java.lang.Object, java.lang.Object, java.lang.Object)'> (0x00000000c5d66ba8) 
thrown [t:\workspace\open\src\hotspot\share\interpreter\linkResolver.cpp, line 766]
Event: 7.204 Thread 0x000001c86adde750 Exception <a 'java/lang/NoSuchMethodError'{0x00000000c5bb5c30}: 'void java.lang.invoke.Invokers$Holder.invokeExact_MT(java.lang.Object, java.lang.Object, java.lang.Object, java.lang.Object)'> (0x00000000c5bb5c30) 
thrown [t:\workspace\open\src\hotspot\share\interpreter\linkResolver.cpp, line 766]
Event: 7.695 Thread 0x000001c86adde750 Exception <a 'java/lang/NoSuchMethodError'{0x00000000c549da90}: 'java.lang.Object java.lang.invoke.DirectMethodHandle$Holder.invokeVirtual(java.lang.Object, java.lang.Object, java.lang.Object, java.lang.Object)'> (0x00000000c549da90) 
thrown [t:\workspace\open\src\hotspot\share\interpreter\linkResolver.cpp, line 766]
Event: 8.324 Thread 0x000001c86adde750 Exception <a 'java/lang/NoSuchMethodError'{0x00000000c4a143e0}: 'void java.lang.invoke.DirectMethodHandle$Holder.invokeStaticInit(java.lang.Object, java.lang.Object, java.lang.Object)'> (0x00000000c4a143e0) 
thrown [t:\workspace\open\src\hotspot\share\interpreter\linkResolver.cpp, line 766]
Event: 8.367 Thread 0x000001c87e322600 Exception <a 'java/lang/NoSuchMethodError'{0x00000000c69048e8}: 'void java.lang.invoke.DelegatingMethodHandle$Holder.reinvoke_L(java.lang.Object, java.lang.Object, int)'> (0x00000000c69048e8) 
thrown [t:\workspace\open\src\hotspot\share\interpreter\linkResolver.cpp, line 766]
Event: 8.370 Thread 0x000001c87e322600 Exception <a 'java/lang/NoSuchMethodError'{0x00000000c690ba88}: 'int java.lang.invoke.Invokers$Holder.invokeExact_MT(java.lang.Object, java.lang.Object, java.lang.Object)'> (0x00000000c690ba88) 
thrown [t:\workspace\open\src\hotspot\share\interpreter\linkResolver.cpp, line 766]
Event: 8.499 Thread 0x000001c87e322600 Exception <a 'java/lang/NoSuchMethodError'{0x00000000c6591c10}: 'java.lang.Object java.lang.invoke.DirectMethodHandle$Holder.invokeInterface(java.lang.Object, java.lang.Object, java.lang.Object)'> (0x00000000c6591c10) 
thrown [t:\workspace\open\src\hotspot\share\interpreter\linkResolver.cpp, line 766]
Event: 8.885 Thread 0x000001c87e322600 Exception <a 'java/lang/NoSuchMethodError'{0x00000000c61c6cf0}: 'void java.lang.invoke.DirectMethodHandle$Holder.invokeInterface(java.lang.Object, java.lang.Object, java.lang.Object)'> (0x00000000c61c6cf0) 
thrown [t:\workspace\open\src\hotspot\share\interpreter\linkResolver.cpp, line 766]
Event: 8.886 Thread 0x000001c87e322600 Exception <a 'java/lang/IncompatibleClassChangeError'{0x00000000c61ca0b0}: Found class java.lang.Object, but interface was expected> (0x00000000c61ca0b0) 
thrown [t:\workspace\open\src\hotspot\share\interpreter\linkResolver.cpp, line 833]
Event: 8.889 Thread 0x000001c87e322600 Exception <a 'java/lang/IncompatibleClassChangeError'{0x00000000c61d1be8}: Found class java.lang.Object, but interface was expected> (0x00000000c61d1be8) 
thrown [t:\workspace\open\src\hotspot\share\interpreter\linkResolver.cpp, line 833]
Event: 10.318 Thread 0x000001c86adde750 Exception <a 'java/lang/ClassNotFoundException'{0x00000000c4d90f10}: com/salesforce/slds/validation/validators/models/PropertiesBeanInfo> (0x00000000c4d90f10) 
thrown [t:\workspace\open\src\hotspot\share\classfile\systemDictionary.cpp, line 255]
Event: 10.319 Thread 0x000001c86adde750 Exception <a 'java/lang/ClassNotFoundException'{0x00000000c4d99308}: java/lang/ObjectBeanInfo> (0x00000000c4d99308) 
thrown [t:\workspace\open\src\hotspot\share\classfile\systemDictionary.cpp, line 255]
Event: 10.319 Thread 0x000001c86adde750 Exception <a 'java/lang/ClassNotFoundException'{0x00000000c4da1738}: java/lang/ObjectCustomizer> (0x00000000c4da1738) 
thrown [t:\workspace\open\src\hotspot\share\classfile\systemDictionary.cpp, line 255]
Event: 10.320 Thread 0x000001c86adde750 Exception <a 'java/lang/ClassNotFoundException'{0x00000000c4db81f0}: com/salesforce/slds/validation/validators/models/PropertiesCustomizer> (0x00000000c4db81f0) 
thrown [t:\workspace\open\src\hotspot\share\classfile\systemDictionary.cpp, line 255]
Event: 10.323 Thread 0x000001c86adde750 Exception <a 'java/lang/ClassNotFoundException'{0x00000000c4de3c20}: com/salesforce/slds/validation/validators/models/Properties$ItemBeanInfo> (0x00000000c4de3c20) 
thrown [t:\workspace\open\src\hotspot\share\classfile\systemDictionary.cpp, line 255]
Event: 10.323 Thread 0x000001c86adde750 Exception <a 'java/lang/ClassNotFoundException'{0x00000000c4df7318}: com/salesforce/slds/validation/validators/models/Properties$ItemCustomizer> (0x00000000c4df7318) 
thrown [t:\workspace\open\src\hotspot\share\classfile\systemDictionary.cpp, line 255]
Event: 11.580 Thread 0x000001c86adde750 Exception <a 'java/lang/NoSuchMethodError'{0x00000000c5ff13e0}: 'void java.lang.invoke.DirectMethodHandle$Holder.invokeStatic(java.lang.Object, java.lang.Object, java.lang.Object, java.lang.Object, java.lang.Object, java.lang.Object)'> (0x00000000c5ff13e0) 
thrown [t:\workspace\open\src\hotspot\share\interpreter\linkResolver.cpp, line 766]

VM Operations (20 events):
Event: 8.352 Executing VM operation: G1CollectForAllocation
Event: 8.364 Executing VM operation: G1CollectForAllocation done
Event: 9.106 Executing VM operation: HandshakeAllThreads
Event: 9.107 Executing VM operation: HandshakeAllThreads done
Event: 9.793 Executing VM operation: HandshakeAllThreads
Event: 9.793 Executing VM operation: HandshakeAllThreads done
Event: 9.793 Executing VM operation: Cleanup
Event: 9.793 Executing VM operation: Cleanup done
Event: 10.639 Executing VM operation: G1CollectForAllocation
Event: 10.663 Executing VM operation: G1CollectForAllocation done
Event: 11.671 Executing VM operation: Cleanup
Event: 11.672 Executing VM operation: Cleanup done
Event: 11.696 Executing VM operation: HandshakeAllThreads
Event: 11.696 Executing VM operation: HandshakeAllThreads done
Event: 11.702 Executing VM operation: HandshakeAllThreads
Event: 11.702 Executing VM operation: HandshakeAllThreads done
Event: 11.704 Executing VM operation: HandshakeAllThreads
Event: 11.704 Executing VM operation: HandshakeAllThreads done
Event: 11.717 Executing VM operation: HandshakeAllThreads
Event: 11.717 Executing VM operation: HandshakeAllThreads done

Events (20 events):
Event: 0.319 Thread 0x000001c878ac85f0 Thread added: 0x000001c878ac85f0
Event: 0.319 Thread 0x000001c878ac8f90 Thread added: 0x000001c878ac8f90
Event: 0.319 Thread 0x000001c878ac9930 Thread added: 0x000001c878ac9930
Event: 0.319 Thread 0x000001c878acb610 Thread added: 0x000001c878acb610
Event: 0.406 Thread 0x000001c878b34c10 Thread added: 0x000001c878b34c10
Event: 0.504 Thread 0x000001c878b38130 Thread added: 0x000001c878b38130
Event: 0.637 Thread 0x000001c878b8eb00 Thread added: 0x000001c878b8eb00
Event: 0.687 Thread 0x000001c878b91650 Thread added: 0x000001c878b91650
Event: 1.034 Loaded shared library C:\Program Files\Java\jdk-18\bin\net.dll
Event: 1.037 Loaded shared library C:\Program Files\Java\jdk-18\bin\nio.dll
Event: 1.044 Loaded shared library C:\Program Files\Java\jdk-18\bin\zip.dll
Event: 1.390 Loaded shared library C:\Program Files\Java\jdk-18\bin\jimage.dll
Event: 4.096 Loaded shared library C:\Program Files\Java\jdk-18\bin\management.dll
Event: 4.101 Loaded shared library C:\Program Files\Java\jdk-18\bin\management_ext.dll
Event: 4.229 Thread 0x000001c87d5619b0 Thread added: 0x000001c87d5619b0
Event: 4.314 Thread 0x000001c87d5619b0 Thread exited: 0x000001c87d5619b0
Event: 5.785 Thread 0x000001c87de91490 Thread added: 0x000001c87de91490
Event: 5.918 Thread 0x000001c87de91490 Thread exited: 0x000001c87de91490
Event: 6.887 Loaded shared library C:\Program Files\Java\jdk-18\bin\verify.dll
Event: 8.165 Thread 0x000001c87e322600 Thread added: 0x000001c87e322600


Dynamic libraries:
0x00007ff781570000 - 0x00007ff781580000 	C:\Program Files\Java\jdk-18\bin\java.exe
0x00007ff9db050000 - 0x00007ff9db245000 	C:\Windows\SYSTEM32\ntdll.dll
0x00007ff9d94b0000 - 0x00007ff9d956e000 	C:\Windows\System32\KERNEL32.DLL
0x00007ff9d8cd0000 - 0x00007ff9d8f98000 	C:\Windows\System32\KERNELBASE.dll
0x00007ff9d8810000 - 0x00007ff9d8910000 	C:\Windows\System32\ucrtbase.dll
0x00007ff9d2290000 - 0x00007ff9d22a8000 	C:\Program Files\Java\jdk-18\bin\jli.dll
0x00007ff9d9700000 - 0x00007ff9d97ae000 	C:\Windows\System32\ADVAPI32.dll
0x00007ff9d92c0000 - 0x00007ff9d935e000 	C:\Windows\System32\msvcrt.dll
0x00007ff9d9410000 - 0x00007ff9d94ac000 	C:\Windows\System32\sechost.dll
0x00007ff9da8c0000 - 0x00007ff9da9e5000 	C:\Windows\System32\RPCRT4.dll
0x00007ff9dad50000 - 0x00007ff9daef0000 	C:\Windows\System32\USER32.dll
0x00007ff9d8fa0000 - 0x00007ff9d8fc2000 	C:\Windows\System32\win32u.dll
0x00007ff9da890000 - 0x00007ff9da8ba000 	C:\Windows\System32\GDI32.dll
0x00007ff9d8bc0000 - 0x00007ff9d8ccb000 	C:\Windows\System32\gdi32full.dll
0x00007ff9d89c0000 - 0x00007ff9d8a5d000 	C:\Windows\System32\msvcp_win.dll
0x00007ff9bd790000 - 0x00007ff9bd7aa000 	C:\Program Files\Java\jdk-18\bin\VCRUNTIME140.dll
0x00007ff9c63c0000 - 0x00007ff9c665a000 	C:\Windows\WinSxS\amd64_microsoft.windows.common-controls_6595b64144ccf1df_6.0.19041.1110_none_60b5254171f9507e\COMCTL32.dll
0x00007ff9cfc80000 - 0x00007ff9cfc8a000 	C:\Windows\SYSTEM32\VERSION.dll
0x00007ff9da080000 - 0x00007ff9da0b0000 	C:\Windows\System32\IMM32.DLL
0x00007ff9c3a80000 - 0x00007ff9c3a8c000 	C:\Program Files\Java\jdk-18\bin\vcruntime140_1.dll
0x00007ff9bc5d0000 - 0x00007ff9bc65d000 	C:\Program Files\Java\jdk-18\bin\msvcp140.dll
0x00007ff9a0820000 - 0x00007ff9a1431000 	C:\Program Files\Java\jdk-18\bin\server\jvm.dll
0x00007ff9db000000 - 0x00007ff9db008000 	C:\Windows\System32\PSAPI.DLL
0x00007ff9d1000000 - 0x00007ff9d1009000 	C:\Windows\SYSTEM32\WSOCK32.dll
0x00007ff9da0b0000 - 0x00007ff9da11b000 	C:\Windows\System32\WS2_32.dll
0x00007ff9c4280000 - 0x00007ff9c42a7000 	C:\Windows\SYSTEM32\WINMM.dll
0x00007ff9d7030000 - 0x00007ff9d7042000 	C:\Windows\SYSTEM32\kernel.appcore.dll
0x00007ff9c2720000 - 0x00007ff9c272a000 	C:\Program Files\Java\jdk-18\bin\jimage.dll
0x00007ff9d6d00000 - 0x00007ff9d6ee4000 	C:\Windows\SYSTEM32\DBGHELP.DLL
0x00007ff9c6aa0000 - 0x00007ff9c6acc000 	C:\Windows\SYSTEM32\dbgcore.DLL
0x00007ff9d8fd0000 - 0x00007ff9d9052000 	C:\Windows\System32\bcryptPrimitives.dll
0x00007ff9bc920000 - 0x00007ff9bc945000 	C:\Program Files\Java\jdk-18\bin\java.dll
0x00007ff9acb80000 - 0x00007ff9acc56000 	C:\Program Files\Java\jdk-18\bin\jsvml.dll
0x00007ff9d9930000 - 0x00007ff9da074000 	C:\Windows\System32\SHELL32.dll
0x00007ff9d6490000 - 0x00007ff9d6c24000 	C:\Windows\SYSTEM32\windows.storage.dll
0x00007ff9da9f0000 - 0x00007ff9dad44000 	C:\Windows\System32\combase.dll
0x00007ff9d8030000 - 0x00007ff9d805c000 	C:\Windows\SYSTEM32\Wldp.dll
0x00007ff9daf50000 - 0x00007ff9daffd000 	C:\Windows\System32\SHCORE.dll
0x00007ff9d91f0000 - 0x00007ff9d9245000 	C:\Windows\System32\shlwapi.dll
0x00007ff9d86b0000 - 0x00007ff9d86cf000 	C:\Windows\SYSTEM32\profapi.dll
0x00007ff9bd600000 - 0x00007ff9bd613000 	C:\Program Files\Java\jdk-18\bin\net.dll
0x00007ff9cda40000 - 0x00007ff9cdb4a000 	C:\Windows\SYSTEM32\WINHTTP.dll
0x00007ff9d7e10000 - 0x00007ff9d7e7a000 	C:\Windows\system32\mswsock.dll
0x00007ff9bc750000 - 0x00007ff9bc766000 	C:\Program Files\Java\jdk-18\bin\nio.dll
0x00007ff9bc730000 - 0x00007ff9bc748000 	C:\Program Files\Java\jdk-18\bin\zip.dll
0x00007ff9bd700000 - 0x00007ff9bd709000 	C:\Program Files\Java\jdk-18\bin\management.dll
0x00007ff9bd650000 - 0x00007ff9bd65b000 	C:\Program Files\Java\jdk-18\bin\management_ext.dll
0x00007ff9ac080000 - 0x00007ff9ac097000 	C:\Windows\system32\napinsp.dll
0x00007ff9ac060000 - 0x00007ff9ac07b000 	C:\Windows\system32\pnrpnsp.dll
0x00007ff9adda0000 - 0x00007ff9addb5000 	C:\Windows\system32\wshbth.dll
0x00007ff9d31a0000 - 0x00007ff9d31bd000 	C:\Windows\system32\NLAapi.dll
0x00007ff9d7b20000 - 0x00007ff9d7b5b000 	C:\Windows\SYSTEM32\IPHLPAPI.DLL
0x00007ff9d7b60000 - 0x00007ff9d7c2b000 	C:\Windows\SYSTEM32\DNSAPI.dll
0x00007ff9d91e0000 - 0x00007ff9d91e8000 	C:\Windows\System32\NSI.dll
0x00007ff9aba60000 - 0x00007ff9aba72000 	C:\Windows\System32\winrnr.dll
0x00007ff9c7910000 - 0x00007ff9c791a000 	C:\Windows\System32\rasadhlp.dll
0x00007ff9c7ac0000 - 0x00007ff9c7b3f000 	C:\Windows\System32\fwpuclnt.dll
0x00007ff9d87e0000 - 0x00007ff9d8807000 	C:\Windows\System32\bcrypt.dll
0x00007ff9bcdb0000 - 0x00007ff9bcdc0000 	C:\Program Files\Java\jdk-18\bin\verify.dll

dbghelp: loaded successfully - version: 4.0.5 - missing functions: none
symbol engine: initialized successfully - sym options: 0x614 - pdb path: .;C:\Program Files\Java\jdk-18\bin;C:\Windows\SYSTEM32;C:\Windows\WinSxS\amd64_microsoft.windows.common-controls_6595b64144ccf1df_6.0.19041.1110_none_60b5254171f9507e;C:\Program Files\Java\jdk-18\bin\server

VM Arguments:
java_command: c:\Users\paulo\.vscode\extensions\salesforce.salesforce-vscode-slds-1.4.8\lsp-0.0.13-executable.jar --PORT=63996
java_class_path (initial): c:\Users\paulo\.vscode\extensions\salesforce.salesforce-vscode-slds-1.4.8\lsp-0.0.13-executable.jar
Launcher Type: SUN_STANDARD

[Global flags]
     intx CICompilerCount                          = 2                                         {product} {ergonomic}
     uint ConcGCThreads                            = 1                                         {product} {ergonomic}
     uint G1ConcRefinementThreads                  = 2                                         {product} {ergonomic}
   size_t G1HeapRegionSize                         = 1048576                                   {product} {ergonomic}
    uintx GCDrainStackTargetSize                   = 64                                        {product} {ergonomic}
   size_t InitialHeapSize                          = 65011712                                  {product} {ergonomic}
   size_t MarkStackSize                            = 4194304                                   {product} {ergonomic}
   size_t MaxHeapSize                              = 1027604480                                {product} {ergonomic}
   size_t MaxNewSize                               = 616562688                                 {product} {ergonomic}
   size_t MinHeapDeltaBytes                        = 1048576                                   {product} {ergonomic}
   size_t MinHeapSize                              = 8388608                                   {product} {ergonomic}
    uintx NonNMethodCodeHeapSize                   = 5826188                                {pd product} {ergonomic}
    uintx NonProfiledCodeHeapSize                  = 122916026                              {pd product} {ergonomic}
    uintx ProfiledCodeHeapSize                     = 122916026                              {pd product} {ergonomic}
    uintx ReservedCodeCacheSize                    = 251658240                              {pd product} {ergonomic}
     bool SegmentedCodeCache                       = true                                      {product} {ergonomic}
   size_t SoftMaxHeapSize                          = 1027604480                             {manageable} {ergonomic}
     bool UseCompressedClassPointers               = true                           {product lp64_product} {ergonomic}
     bool UseCompressedOops                        = true                           {product lp64_product} {ergonomic}
     bool UseG1GC                                  = true                                      {product} {ergonomic}
     bool UseLargePagesIndividualAllocation        = false                                  {pd product} {ergonomic}

Logging:
Log output configuration:
 #0: stdout all=warning uptime,level,tags foldmultilines=false
 #1: stderr all=off uptime,level,tags foldmultilines=false

Environment Variables:
JAVA_HOME=C:\Program Files\Java\jdk-18
PATH=C:\Python310\Scripts\;C:\Python310\;C:\Program Files\Common Files\Oracle\Java\javapath;C:\Windows\system32;C:\Windows;C:\Windows\System32\Wbem;C:\Windows\System32\WindowsPowerShell\v1.0\;C:\Windows\System32\OpenSSH\;C:\Program Files\sfdx\bin;C:\Program Files\Java\jdk-18\bin;C:\ProgramData\chocolatey\bin;C:\Program Files\Docker\Docker\resources\bin;C:\ProgramData\DockerDesktop\version-bin;%NVM_HOME%;%NVM_SYMLINK%;C:\Program Files\nodejs\;C:\Users\paulo\AppData\Local\Microsoft\WindowsApps;C:\Users\paulo\AppData\Local\Programs\Microsoft VS Code\bin;C:\Users\paulo\AppData\Local\Programs\Git\cmd;C:\Users\paulo\AppData\Roaming\npm
USERNAME=paulo
OS=Windows_NT
PROCESSOR_IDENTIFIER=Intel64 Family 6 Model 122 Stepping 8, GenuineIntel



---------------  S Y S T E M  ---------------

OS:
 Windows 10 , 64 bit Build 19041 (10.0.19041.1645)
OS uptime: 3 days 3:21 hours
Hyper-V role detected

CPU: total 2 (initial active 2) (2 cores per cpu, 1 threads per core) family 6 model 122 stepping 8 microcode 0x16, cx8, cmov, fxsr, mmx, 3dnowpref, sse, sse2, sse3, ssse3, sse4.1, sse4.2, popcnt, tsc, tscinvbit, aes, erms, clmul, sha, clflush, clflushopt, hv

Memory: 4k page, system-wide physical 3916M (291M free)
TotalPageFile size 15692M (AvailPageFile size 3M)
current process WorkingSet (physical memory assigned to process): 134M, peak: 136M
current process commit charge ("private bytes"): 181M, peak: 183M

vm_info: Java HotSpot(TM) 64-Bit Server VM (18+36-2087) for windows-amd64 JRE (18+36-2087), built on Feb 15 2022 09:43:11 by "mach5one" with MS VC++ 16.8 / 16.9 (VS2019)

END.
