#
# There is insufficient memory for the Java Runtime Environment to continue.
# Native memory allocation (malloc) failed to allocate 286896 bytes for Chunk::new
# Possible reasons:
#   The system is out of physical RAM or swap space
#   The process is running with CompressedOops enabled, and the Java Heap may be blocking the growth of the native heap
# Possible solutions:
#   Reduce memory load on the system
#   Increase physical memory or swap space
#   Check if swap backing store is full
#   Decrease Java heap size (-Xmx/-Xms)
#   Decrease number of Java threads
#   Decrease Java thread stack sizes (-Xss)
#   Set larger code cache with -XX:ReservedCodeCacheSize=
#   JVM is running with Unscaled Compressed Oops mode in which the Java heap is
#     placed in the first 4GB address space. The Java Heap base address is the
#     maximum limit for the native heap growth. Please use -XX:HeapBaseMinAddress
#     to set the Java Heap base and to place the Java Heap above 4GB virtual address.
# This output file may be truncated or incomplete.
#
#  Out of Memory Error (arena.cpp:184), pid=14004, tid=15664
#
# JRE version: Java(TM) SE Runtime Environment (18.0+36) (build 18+36-2087)
# Java VM: Java HotSpot(TM) 64-Bit Server VM (18+36-2087, mixed mode, sharing, tiered, compressed oops, compressed class ptrs, g1 gc, windows-amd64)
# No core dump will be written. Minidumps are not enabled by default on client versions of Windows
#

---------------  S U M M A R Y ------------

Command Line: c:\Users\paulo\.vscode\extensions\salesforce.salesforce-vscode-slds-1.4.8\lsp-0.0.13-executable.jar --PORT=63976

Host: Intel(R) Celeron(R) N4020 CPU @ 1.10GHz, 2 cores, 3G,  Windows 10 , 64 bit Build 19041 (10.0.19041.1645)
Time: Sun May  1 16:28:41 2022 Hora oficial do Brasil elapsed time: 9.344121 seconds (0d 0h 0m 9s)

---------------  T H R E A D  ---------------

Current thread (0x000001cffda7d6b0):  JavaThread "C2 CompilerThread0" daemon [_thread_in_native, id=15664, stack(0x000000a752100000,0x000000a752200000)]


Current CompileTask:
C2:   9344 2517   !   4       java.util.zip.InflaterInputStream::read (122 bytes)

Stack: [0x000000a752100000,0x000000a752200000]
Native frames: (J=compiled Java code, j=interpreted, Vv=VM code, C=native code)
V  [jvm.dll+0x69804a]
V  [jvm.dll+0x7f308d]
V  [jvm.dll+0x7f499e]
V  [jvm.dll+0x7f5053]
V  [jvm.dll+0x25ca3f]
V  [jvm.dll+0xb8c2f]
V  [jvm.dll+0xb8fa5]
V  [jvm.dll+0x385a31]
V  [jvm.dll+0x34f811]
V  [jvm.dll+0x34ecaa]
V  [jvm.dll+0x22fc21]
V  [jvm.dll+0x22eff1]
V  [jvm.dll+0x1b9cfc]
V  [jvm.dll+0x23e8ca]
V  [jvm.dll+0x23cbac]
V  [jvm.dll+0x7a5781]
V  [jvm.dll+0x79fbba]
V  [jvm.dll+0x696ef5]
C  [ucrtbase.dll+0x21bb2]
C  [KERNEL32.DLL+0x17034]
C  [ntdll.dll+0x52651]


---------------  P R O C E S S  ---------------

Threads class SMR info:
_java_thread_list=0x000001cffde03c10, length=13, elements={
0x000001cfe2d9e770, 0x000001cffda5e720, 0x000001cffda5f290, 0x000001cffda77ce0,
0x000001cffda78680, 0x000001cffda79020, 0x000001cffda7c9e0, 0x000001cffda7d6b0,
0x000001cffda7e8a0, 0x000001cffdaf5970, 0x000001cffdcd5520, 0x000001cffdcdc230,
0x000001cffea9b010
}

Java Threads: ( => current thread )
  0x000001cfe2d9e770 JavaThread "main" [_thread_in_vm, id=14128, stack(0x000000a751400000,0x000000a751500000)]
  0x000001cffda5e720 JavaThread "Reference Handler" daemon [_thread_blocked, id=2796, stack(0x000000a751b00000,0x000000a751c00000)]
  0x000001cffda5f290 JavaThread "Finalizer" daemon [_thread_blocked, id=9740, stack(0x000000a751c00000,0x000000a751d00000)]
  0x000001cffda77ce0 JavaThread "Signal Dispatcher" daemon [_thread_blocked, id=4168, stack(0x000000a751d00000,0x000000a751e00000)]
  0x000001cffda78680 JavaThread "Attach Listener" daemon [_thread_blocked, id=2812, stack(0x000000a751e00000,0x000000a751f00000)]
  0x000001cffda79020 JavaThread "Service Thread" daemon [_thread_blocked, id=13720, stack(0x000000a751f00000,0x000000a752000000)]
  0x000001cffda7c9e0 JavaThread "Monitor Deflation Thread" daemon [_thread_blocked, id=9472, stack(0x000000a752000000,0x000000a752100000)]
=>0x000001cffda7d6b0 JavaThread "C2 CompilerThread0" daemon [_thread_in_native, id=15664, stack(0x000000a752100000,0x000000a752200000)]
  0x000001cffda7e8a0 JavaThread "C1 CompilerThread0" daemon [_thread_blocked, id=1116, stack(0x000000a752200000,0x000000a752300000)]
  0x000001cffdaf5970 JavaThread "Sweeper thread" daemon [_thread_blocked, id=14836, stack(0x000000a752300000,0x000000a752400000)]
  0x000001cffdcd5520 JavaThread "Notification Thread" daemon [_thread_blocked, id=16380, stack(0x000000a752400000,0x000000a752500000)]
  0x000001cffdcdc230 JavaThread "Common-Cleaner" daemon [_thread_blocked, id=13888, stack(0x000000a752600000,0x000000a752700000)]
  0x000001cffea9b010 JavaThread "pool-1-thread-1" [_thread_in_vm, id=11672, stack(0x000000a752800000,0x000000a752900000)]

Other Threads:
  0x000001cfe2e69f20 VMThread "VM Thread" [stack: 0x000000a751a00000,0x000000a751b00000] [id=15844]
  0x000001cffdcd7e00 WatcherThread "VM Periodic Task Thread" [stack: 0x000000a752500000,0x000000a752600000] [id=5696]
  0x000001cfe2ddd2f0 WorkerThread "GC Thread#0" [stack: 0x000000a751500000,0x000000a751600000] [id=15740]
  0x000001cffdd29ba0 WorkerThread "GC Thread#1" [stack: 0x000000a752700000,0x000000a752800000] [id=12324]
  0x000001cfe2de5ca0 ConcurrentGCThread "G1 Main Marker" [stack: 0x000000a751600000,0x000000a751700000] [id=15580]
  0x000001cfe2de86b0 WorkerThread "G1 Conc#0" [stack: 0x000000a751700000,0x000000a751800000] [id=14584]
  0x000001cfe2e07640 ConcurrentGCThread "G1 Refine#0" [stack: 0x000000a751800000,0x000000a751900000] [id=13388]
  0x000001cfe2e07f50 ConcurrentGCThread "G1 Service" [stack: 0x000000a751900000,0x000000a751a00000] [id=4568]

Threads with active compile tasks:
C2 CompilerThread0     9385 2517   !   4       java.util.zip.InflaterInputStream::read (122 bytes)

VM state: not at safepoint (normal execution)

VM Mutex/Monitor currently owned by a thread:  ([mutex/lock_event])
[0x000001cfe2d99400] MethodCompileQueue_lock - owner thread: 0x000001cfe2d9e770

Heap address: 0x00000000c2c00000, size: 980 MB, Compressed Oops mode: 32-bit

CDS archive(s) mapped at: [0x0000000800000000-0x0000000800ba0000-0x0000000800ba0000), size 12189696, SharedBaseAddress: 0x0000000800000000, ArchiveRelocationMode: 0.
Compressed class space mapped at: 0x0000000800c00000-0x0000000840c00000, reserved size: 1073741824
Narrow klass base: 0x0000000800000000, Narrow klass shift: 0, Narrow klass range: 0x100000000

GC Precious Log:
 CardTable entry size: 512
 Card Set container configuration: InlinePtr #cards 5 size 8 Array Of Cards #cards 12 size 40 Howl #buckets 4 coarsen threshold 1843 Howl Bitmap #cards 512 size 80 coarsen threshold 460 Card regions per heap region 1 cards per card region 2048
 CPUs: 2 total, 2 available
 Memory: 3916M
 Large Page Support: Disabled
 NUMA Support: Disabled
 Compressed Oops: Enabled (32-bit)
 Heap Region Size: 1M
 Heap Min Capacity: 8M
 Heap Initial Capacity: 62M
 Heap Max Capacity: 980M
 Pre-touch: Disabled
 Parallel Workers: 2
 Concurrent Workers: 1
 Concurrent Refinement Workers: 2
 Periodic GC: Disabled

Heap:
 garbage-first heap   total 63488K, used 35575K [0x00000000c2c00000, 0x0000000100000000)
  region size 1024K, 34 young (34816K), 3 survivors (3072K)
 Metaspace       used 13228K, committed 13440K, reserved 1114112K
  class space    used 1557K, committed 1664K, reserved 1048576K

Heap Regions: E=young(eden), S=young(survivor), O=old, HS=humongous(starts), HC=humongous(continues), CS=collection set, F=free, OA=open archive, CA=closed archive, TAMS=top-at-mark-start (previous, next)
|   0|0x00000000c2c00000, 0x00000000c2d00000, 0x00000000c2d00000|100%| O|  |TAMS 0x00000000c2c00000, 0x00000000c2c00000| Untracked 
|   1|0x00000000c2d00000, 0x00000000c2dd0e00, 0x00000000c2e00000| 81%| O|  |TAMS 0x00000000c2d00000, 0x00000000c2d00000| Untracked 
|   2|0x00000000c2e00000, 0x00000000c2e00000, 0x00000000c2f00000|  0%| F|  |TAMS 0x00000000c2e00000, 0x00000000c2e00000| Untracked 
|   3|0x00000000c2f00000, 0x00000000c2f00000, 0x00000000c3000000|  0%| F|  |TAMS 0x00000000c2f00000, 0x00000000c2f00000| Untracked 
|   4|0x00000000c3000000, 0x00000000c3000000, 0x00000000c3100000|  0%| F|  |TAMS 0x00000000c3000000, 0x00000000c3000000| Untracked 
|   5|0x00000000c3100000, 0x00000000c3100000, 0x00000000c3200000|  0%| F|  |TAMS 0x00000000c3100000, 0x00000000c3100000| Untracked 
|   6|0x00000000c3200000, 0x00000000c3200000, 0x00000000c3300000|  0%| F|  |TAMS 0x00000000c3200000, 0x00000000c3200000| Untracked 
|   7|0x00000000c3300000, 0x00000000c3300000, 0x00000000c3400000|  0%| F|  |TAMS 0x00000000c3300000, 0x00000000c3300000| Untracked 
|   8|0x00000000c3400000, 0x00000000c3400000, 0x00000000c3500000|  0%| F|  |TAMS 0x00000000c3400000, 0x00000000c3400000| Untracked 
|   9|0x00000000c3500000, 0x00000000c3500000, 0x00000000c3600000|  0%| F|  |TAMS 0x00000000c3500000, 0x00000000c3500000| Untracked 
|  10|0x00000000c3600000, 0x00000000c3600000, 0x00000000c3700000|  0%| F|  |TAMS 0x00000000c3600000, 0x00000000c3600000| Untracked 
|  11|0x00000000c3700000, 0x00000000c3700000, 0x00000000c3800000|  0%| F|  |TAMS 0x00000000c3700000, 0x00000000c3700000| Untracked 
|  12|0x00000000c3800000, 0x00000000c3800000, 0x00000000c3900000|  0%| F|  |TAMS 0x00000000c3800000, 0x00000000c3800000| Untracked 
|  13|0x00000000c3900000, 0x00000000c3900000, 0x00000000c3a00000|  0%| F|  |TAMS 0x00000000c3900000, 0x00000000c3900000| Untracked 
|  14|0x00000000c3a00000, 0x00000000c3a00000, 0x00000000c3b00000|  0%| F|  |TAMS 0x00000000c3a00000, 0x00000000c3a00000| Untracked 
|  15|0x00000000c3b00000, 0x00000000c3b00000, 0x00000000c3c00000|  0%| F|  |TAMS 0x00000000c3b00000, 0x00000000c3b00000| Untracked 
|  16|0x00000000c3c00000, 0x00000000c3c00000, 0x00000000c3d00000|  0%| F|  |TAMS 0x00000000c3c00000, 0x00000000c3c00000| Untracked 
|  17|0x00000000c3d00000, 0x00000000c3d00000, 0x00000000c3e00000|  0%| F|  |TAMS 0x00000000c3d00000, 0x00000000c3d00000| Untracked 
|  18|0x00000000c3e00000, 0x00000000c3e00000, 0x00000000c3f00000|  0%| F|  |TAMS 0x00000000c3e00000, 0x00000000c3e00000| Untracked 
|  19|0x00000000c3f00000, 0x00000000c3f00000, 0x00000000c4000000|  0%| F|  |TAMS 0x00000000c3f00000, 0x00000000c3f00000| Untracked 
|  20|0x00000000c4000000, 0x00000000c4000000, 0x00000000c4100000|  0%| F|  |TAMS 0x00000000c4000000, 0x00000000c4000000| Untracked 
|  21|0x00000000c4100000, 0x00000000c4100000, 0x00000000c4200000|  0%| F|  |TAMS 0x00000000c4100000, 0x00000000c4100000| Untracked 
|  22|0x00000000c4200000, 0x00000000c42ed150, 0x00000000c4300000| 92%| S|CS|TAMS 0x00000000c4200000, 0x00000000c4200000| Complete 
|  23|0x00000000c4300000, 0x00000000c4300000, 0x00000000c4400000|  0%| F|  |TAMS 0x00000000c4300000, 0x00000000c4300000| Untracked 
|  24|0x00000000c4400000, 0x00000000c4400000, 0x00000000c4500000|  0%| F|  |TAMS 0x00000000c4400000, 0x00000000c4400000| Untracked 
|  25|0x00000000c4500000, 0x00000000c4600000, 0x00000000c4600000|100%| S|CS|TAMS 0x00000000c4500000, 0x00000000c4500000| Complete 
|  26|0x00000000c4600000, 0x00000000c4700000, 0x00000000c4700000|100%| S|CS|TAMS 0x00000000c4600000, 0x00000000c4600000| Complete 
|  27|0x00000000c4700000, 0x00000000c4700000, 0x00000000c4800000|  0%| F|  |TAMS 0x00000000c4700000, 0x00000000c4700000| Untracked 
|  28|0x00000000c4800000, 0x00000000c4800000, 0x00000000c4900000|  0%| F|  |TAMS 0x00000000c4800000, 0x00000000c4800000| Untracked 
|  29|0x00000000c4900000, 0x00000000c4900000, 0x00000000c4a00000|  0%| F|  |TAMS 0x00000000c4900000, 0x00000000c4900000| Untracked 
|  30|0x00000000c4a00000, 0x00000000c4a00000, 0x00000000c4b00000|  0%| F|  |TAMS 0x00000000c4a00000, 0x00000000c4a00000| Untracked 
|  31|0x00000000c4b00000, 0x00000000c4c00000, 0x00000000c4c00000|100%| E|  |TAMS 0x00000000c4b00000, 0x00000000c4b00000| Complete 
|  32|0x00000000c4c00000, 0x00000000c4d00000, 0x00000000c4d00000|100%| E|CS|TAMS 0x00000000c4c00000, 0x00000000c4c00000| Complete 
|  33|0x00000000c4d00000, 0x00000000c4e00000, 0x00000000c4e00000|100%| E|CS|TAMS 0x00000000c4d00000, 0x00000000c4d00000| Complete 
|  34|0x00000000c4e00000, 0x00000000c4f00000, 0x00000000c4f00000|100%| E|CS|TAMS 0x00000000c4e00000, 0x00000000c4e00000| Complete 
|  35|0x00000000c4f00000, 0x00000000c5000000, 0x00000000c5000000|100%| E|CS|TAMS 0x00000000c4f00000, 0x00000000c4f00000| Complete 
|  36|0x00000000c5000000, 0x00000000c5100000, 0x00000000c5100000|100%| E|CS|TAMS 0x00000000c5000000, 0x00000000c5000000| Complete 
|  37|0x00000000c5100000, 0x00000000c5200000, 0x00000000c5200000|100%| E|CS|TAMS 0x00000000c5100000, 0x00000000c5100000| Complete 
|  38|0x00000000c5200000, 0x00000000c5300000, 0x00000000c5300000|100%| E|CS|TAMS 0x00000000c5200000, 0x00000000c5200000| Complete 
|  39|0x00000000c5300000, 0x00000000c5400000, 0x00000000c5400000|100%| E|CS|TAMS 0x00000000c5300000, 0x00000000c5300000| Complete 
|  40|0x00000000c5400000, 0x00000000c5500000, 0x00000000c5500000|100%| E|CS|TAMS 0x00000000c5400000, 0x00000000c5400000| Complete 
|  41|0x00000000c5500000, 0x00000000c5600000, 0x00000000c5600000|100%| E|CS|TAMS 0x00000000c5500000, 0x00000000c5500000| Complete 
|  42|0x00000000c5600000, 0x00000000c5700000, 0x00000000c5700000|100%| E|CS|TAMS 0x00000000c5600000, 0x00000000c5600000| Complete 
|  43|0x00000000c5700000, 0x00000000c5800000, 0x00000000c5800000|100%| E|CS|TAMS 0x00000000c5700000, 0x00000000c5700000| Complete 
|  44|0x00000000c5800000, 0x00000000c5900000, 0x00000000c5900000|100%| E|CS|TAMS 0x00000000c5800000, 0x00000000c5800000| Complete 
|  45|0x00000000c5900000, 0x00000000c5a00000, 0x00000000c5a00000|100%| E|CS|TAMS 0x00000000c5900000, 0x00000000c5900000| Complete 
|  46|0x00000000c5a00000, 0x00000000c5b00000, 0x00000000c5b00000|100%| E|CS|TAMS 0x00000000c5a00000, 0x00000000c5a00000| Complete 
|  47|0x00000000c5b00000, 0x00000000c5c00000, 0x00000000c5c00000|100%| E|CS|TAMS 0x00000000c5b00000, 0x00000000c5b00000| Complete 
|  48|0x00000000c5c00000, 0x00000000c5d00000, 0x00000000c5d00000|100%| E|CS|TAMS 0x00000000c5c00000, 0x00000000c5c00000| Complete 
|  49|0x00000000c5d00000, 0x00000000c5e00000, 0x00000000c5e00000|100%| E|CS|TAMS 0x00000000c5d00000, 0x00000000c5d00000| Complete 
|  50|0x00000000c5e00000, 0x00000000c5f00000, 0x00000000c5f00000|100%| E|CS|TAMS 0x00000000c5e00000, 0x00000000c5e00000| Complete 
|  51|0x00000000c5f00000, 0x00000000c6000000, 0x00000000c6000000|100%| E|CS|TAMS 0x00000000c5f00000, 0x00000000c5f00000| Complete 
|  52|0x00000000c6000000, 0x00000000c6100000, 0x00000000c6100000|100%| E|CS|TAMS 0x00000000c6000000, 0x00000000c6000000| Complete 
|  53|0x00000000c6100000, 0x00000000c6200000, 0x00000000c6200000|100%| E|CS|TAMS 0x00000000c6100000, 0x00000000c6100000| Complete 
|  54|0x00000000c6200000, 0x00000000c6300000, 0x00000000c6300000|100%| E|CS|TAMS 0x00000000c6200000, 0x00000000c6200000| Complete 
|  55|0x00000000c6300000, 0x00000000c6400000, 0x00000000c6400000|100%| E|CS|TAMS 0x00000000c6300000, 0x00000000c6300000| Complete 
|  56|0x00000000c6400000, 0x00000000c6500000, 0x00000000c6500000|100%| E|CS|TAMS 0x00000000c6400000, 0x00000000c6400000| Complete 
|  57|0x00000000c6500000, 0x00000000c6600000, 0x00000000c6600000|100%| E|CS|TAMS 0x00000000c6500000, 0x00000000c6500000| Complete 
|  58|0x00000000c6600000, 0x00000000c6700000, 0x00000000c6700000|100%| E|CS|TAMS 0x00000000c6600000, 0x00000000c6600000| Complete 
|  59|0x00000000c6700000, 0x00000000c6800000, 0x00000000c6800000|100%| E|CS|TAMS 0x00000000c6700000, 0x00000000c6700000| Complete 
|  60|0x00000000c6800000, 0x00000000c6900000, 0x00000000c6900000|100%| E|CS|TAMS 0x00000000c6800000, 0x00000000c6800000| Complete 
|  61|0x00000000c6900000, 0x00000000c6a00000, 0x00000000c6a00000|100%| E|CS|TAMS 0x00000000c6900000, 0x00000000c6900000| Complete 

Card table byte_map: [0x000001cfe2b60000,0x000001cfe2d50000] _byte_map_base: 0x000001cfe254a000

Marking Bits (Prev, Next): (CMBitMap*) 0x000001cfe2ddd8f0, (CMBitMap*) 0x000001cfe2ddd930
 Prev Bits: [0x000001cff98c0000, 0x000001cffa810000)
 Next Bits: [0x000001cffa810000, 0x000001cffb760000)

Polling page: 0x000001cfe0d20000

Metaspace:

Usage:
  Non-class:     11.42 MB used.
      Class:      1.52 MB used.
       Both:     12.94 MB used.

Virtual space:
  Non-class space:       64.00 MB reserved,      11.56 MB ( 18%) committed,  1 nodes.
      Class space:        1.00 GB reserved,       1.62 MB ( <1%) committed,  1 nodes.
             Both:        1.06 GB reserved,      13.19 MB (  1%) committed. 

Chunk freelists:
   Non-Class:  304.00 KB
       Class:  2.39 MB
        Both:  2.69 MB

MaxMetaspaceSize: unlimited
CompressedClassSpaceSize: 1.00 GB
Initial GC threshold: 21.00 MB
Current GC threshold: 21.00 MB
CDS: on
MetaspaceReclaimPolicy: balanced
 - commit_granule_bytes: 65536.
 - commit_granule_words: 8192.
 - virtual_space_node_default_size: 8388608.
 - enlarge_chunks_in_place: 1.
 - new_chunks_are_fully_committed: 0.
 - uncommit_free_chunks: 1.
 - use_allocation_guard: 0.


Internal statistics:

num_allocs_failed_limit: 0.
num_arena_births: 186.
num_arena_deaths: 0.
num_vsnodes_births: 2.
num_vsnodes_deaths: 0.
num_space_committed: 211.
num_space_uncommitted: 0.
num_chunks_returned_to_freelist: 0.
num_chunks_taken_from_freelist: 602.
num_chunk_merges: 0.
num_chunk_splits: 408.
num_chunks_enlarged: 324.
num_inconsistent_stats: 0.

CodeHeap 'non-profiled nmethods': size=120064Kb used=1082Kb max_used=1082Kb free=118981Kb
 bounds [0x000001cff2190000, 0x000001cff2400000, 0x000001cff96d0000]
CodeHeap 'profiled nmethods': size=120000Kb used=4765Kb max_used=4765Kb free=115234Kb
 bounds [0x000001cfeac60000, 0x000001cfeb110000, 0x000001cff2190000]
CodeHeap 'non-nmethods': size=5696Kb used=1181Kb max_used=1203Kb free=4515Kb
 bounds [0x000001cfea6d0000, 0x000001cfea940000, 0x000001cfeac60000]
 total_blobs=2981 nmethods=2518 adapters=376
 compilation: enabled
              stopped_count=0, restarted_count=0
 full_count=0

Compilation events (20 events):
Event: 9.254 Thread 0x000001cffda7e8a0 nmethod 2509 0x000001cfeb101c90 code [0x000001cfeb101e80, 0x000001cfeb1022e8]
Event: 9.272 Thread 0x000001cffda7e8a0 2510       3       java.util.zip.ZipUtils::get16 (21 bytes)
Event: 9.273 Thread 0x000001cffda7e8a0 nmethod 2510 0x000001cfeb102510 code [0x000001cfeb1026a0, 0x000001cfeb1027f8]
Event: 9.294 Thread 0x000001cffda7e8a0 2511       3       java.util.zip.ZipUtils::get32 (23 bytes)
Event: 9.294 Thread 0x000001cffda7e8a0 nmethod 2511 0x000001cfeb102910 code [0x000001cfeb102ac0, 0x000001cfeb102d38]
Event: 9.311 Thread 0x000001cffda7e8a0 2512       3       java.util.zip.ZipInputStream::ensureOpen (18 bytes)
Event: 9.312 Thread 0x000001cffda7d6b0 2514       4       java.util.zip.Inflater::ensureOpen (47 bytes)
Event: 9.312 Thread 0x000001cffda7e8a0 nmethod 2512 0x000001cfeb102e90 code [0x000001cfeb103040, 0x000001cfeb103248]
Event: 9.312 Thread 0x000001cffda7e8a0 2513       3       java.util.zip.CRC32::updateBytesCheck (35 bytes)
Event: 9.312 Thread 0x000001cffda7e8a0 nmethod 2513 0x000001cfeb103310 code [0x000001cfeb1034e0, 0x000001cfeb103848]
Event: 9.312 Thread 0x000001cffda7e8a0 2515       3       java.util.zip.ZipInputStream::read (288 bytes)
Event: 9.312 Thread 0x000001cffda7d6b0 nmethod 2514 0x000001cff229d990 code [0x000001cff229db00, 0x000001cff229dbb8]
Event: 9.313 Thread 0x000001cffda7d6b0 2516   !   4       java.util.zip.Inflater::inflate (410 bytes)
Event: 9.315 Thread 0x000001cffda7e8a0 nmethod 2515 0x000001cfeb103a10 code [0x000001cfeb103dc0, 0x000001cfeb105538]
Event: 9.320 Thread 0x000001cffda7d6b0 nmethod 2516 0x000001cff229dc90 code [0x000001cff229de40, 0x000001cff229e498]
Event: 9.320 Thread 0x000001cffda7d6b0 2517   !   4       java.util.zip.InflaterInputStream::read (122 bytes)
Event: 9.322 Thread 0x000001cffda7e8a0 2518       3       java.io.PushbackInputStream::ensureOpen (18 bytes)
Event: 9.322 Thread 0x000001cffda7e8a0 nmethod 2518 0x000001cfeb105d10 code [0x000001cfeb105ec0, 0x000001cfeb1060c8]
Event: 9.324 Thread 0x000001cffda7e8a0 2519       3       java.io.PushbackInputStream::read (129 bytes)
Event: 9.324 Thread 0x000001cffda7e8a0 nmethod 2519 0x000001cfeb106190 code [0x000001cfeb1063e0, 0x000001cfeb106d68]

GC Heap History (10 events):
Event: 1.485 GC heap before
{Heap before GC invocations=0 (full 0):
 garbage-first heap   total 63488K, used 5120K [0x00000000c2c00000, 0x0000000100000000)
  region size 1024K, 6 young (6144K), 0 survivors (0K)
 Metaspace       used 1087K, committed 1280K, reserved 1114112K
  class space    used 101K, committed 192K, reserved 1048576K
}
Event: 1.599 GC heap after
{Heap after GC invocations=1 (full 0):
 garbage-first heap   total 63488K, used 1781K [0x00000000c2c00000, 0x0000000100000000)
  region size 1024K, 1 young (1024K), 1 survivors (1024K)
 Metaspace       used 1087K, committed 1280K, reserved 1114112K
  class space    used 101K, committed 192K, reserved 1048576K
}
Event: 2.024 GC heap before
{Heap before GC invocations=1 (full 0):
 garbage-first heap   total 63488K, used 6901K [0x00000000c2c00000, 0x0000000100000000)
  region size 1024K, 6 young (6144K), 1 survivors (1024K)
 Metaspace       used 1660K, committed 1856K, reserved 1114112K
  class space    used 157K, committed 256K, reserved 1048576K
}
Event: 2.027 GC heap after
{Heap after GC invocations=2 (full 0):
 garbage-first heap   total 63488K, used 2158K [0x00000000c2c00000, 0x0000000100000000)
  region size 1024K, 1 young (1024K), 1 survivors (1024K)
 Metaspace       used 1660K, committed 1856K, reserved 1114112K
  class space    used 157K, committed 256K, reserved 1048576K
}
Event: 2.636 GC heap before
{Heap before GC invocations=2 (full 0):
 garbage-first heap   total 63488K, used 13422K [0x00000000c2c00000, 0x0000000100000000)
  region size 1024K, 13 young (13312K), 1 survivors (1024K)
 Metaspace       used 2841K, committed 3072K, reserved 1114112K
  class space    used 301K, committed 384K, reserved 1048576K
}
Event: 2.638 GC heap after
{Heap after GC invocations=3 (full 0):
 garbage-first heap   total 63488K, used 2419K [0x00000000c2c00000, 0x0000000100000000)
  region size 1024K, 1 young (1024K), 1 survivors (1024K)
 Metaspace       used 2841K, committed 3072K, reserved 1114112K
  class space    used 301K, committed 384K, reserved 1048576K
}
Event: 5.111 GC heap before
{Heap before GC invocations=3 (full 0):
 garbage-first heap   total 63488K, used 39283K [0x00000000c2c00000, 0x0000000100000000)
  region size 1024K, 37 young (37888K), 1 survivors (1024K)
 Metaspace       used 6920K, committed 7104K, reserved 1114112K
  class space    used 825K, committed 896K, reserved 1048576K
}
Event: 5.118 GC heap after
{Heap after GC invocations=4 (full 0):
 garbage-first heap   total 63488K, used 3838K [0x00000000c2c00000, 0x0000000100000000)
  region size 1024K, 2 young (2048K), 2 survivors (2048K)
 Metaspace       used 6920K, committed 7104K, reserved 1114112K
  class space    used 825K, committed 896K, reserved 1048576K
}
Event: 6.980 GC heap before
{Heap before GC invocations=4 (full 0):
 garbage-first heap   total 63488K, used 39678K [0x00000000c2c00000, 0x0000000100000000)
  region size 1024K, 37 young (37888K), 2 survivors (2048K)
 Metaspace       used 9401K, committed 9600K, reserved 1114112K
  class space    used 1099K, committed 1216K, reserved 1048576K
}
Event: 6.988 GC heap after
{Heap after GC invocations=5 (full 0):
 garbage-first heap   total 63488K, used 4855K [0x00000000c2c00000, 0x0000000100000000)
  region size 1024K, 3 young (3072K), 3 survivors (3072K)
 Metaspace       used 9401K, committed 9600K, reserved 1114112K
  class space    used 1099K, committed 1216K, reserved 1048576K
}

Deoptimization events (20 events):
Event: 8.474 Thread 0x000001cfe2d9e770 Uncommon trap: trap_request=0xffffffc6 fr.pc=0x000001cff225c63c relative=0x0000000000000c1c
Event: 8.474 Thread 0x000001cfe2d9e770 Uncommon trap: reason=bimorphic_or_optimized_type_check action=maybe_recompile pc=0x000001cff225c63c method=java.util.Properties$LineReader.readLine()I @ 70 c2
Event: 8.474 Thread 0x000001cfe2d9e770 DEOPT PACKING pc=0x000001cff225c63c sp=0x000000a7514fbeb0
Event: 8.475 Thread 0x000001cfe2d9e770 DEOPT UNPACKING pc=0x000001cfea72239d sp=0x000000a7514fbe38 mode 2
Event: 8.475 Thread 0x000001cfe2d9e770 Uncommon trap: trap_request=0xffffffc6 fr.pc=0x000001cff225c63c relative=0x0000000000000c1c
Event: 8.475 Thread 0x000001cfe2d9e770 Uncommon trap: reason=bimorphic_or_optimized_type_check action=maybe_recompile pc=0x000001cff225c63c method=java.util.Properties$LineReader.readLine()I @ 70 c2
Event: 8.475 Thread 0x000001cfe2d9e770 DEOPT PACKING pc=0x000001cff225c63c sp=0x000000a7514fbeb0
Event: 8.475 Thread 0x000001cfe2d9e770 DEOPT UNPACKING pc=0x000001cfea72239d sp=0x000000a7514fbe38 mode 2
Event: 8.476 Thread 0x000001cfe2d9e770 Uncommon trap: trap_request=0xffffff45 fr.pc=0x000001cff227f6a0 relative=0x0000000000000180
Event: 8.476 Thread 0x000001cfe2d9e770 Uncommon trap: reason=unstable_if action=reinterpret pc=0x000001cff227f6a0 method=sun.net.www.ParseUtil.encodePath(Ljava/lang/String;Z)Ljava/lang/String; @ 1 c2
Event: 8.476 Thread 0x000001cfe2d9e770 DEOPT PACKING pc=0x000001cff227f6a0 sp=0x000000a7514fe450
Event: 8.476 Thread 0x000001cfe2d9e770 DEOPT UNPACKING pc=0x000001cfea72239d sp=0x000000a7514fe408 mode 2
Event: 8.476 Thread 0x000001cfe2d9e770 Uncommon trap: trap_request=0xffffff45 fr.pc=0x000001cff21b10c0 relative=0x00000000000000c0
Event: 8.476 Thread 0x000001cfe2d9e770 Uncommon trap: reason=unstable_if action=reinterpret pc=0x000001cff21b10c0 method=java.net.URI.match(CJJ)Z @ 45 c2
Event: 8.476 Thread 0x000001cfe2d9e770 DEOPT PACKING pc=0x000001cff21b10c0 sp=0x000000a7514fe020
Event: 8.476 Thread 0x000001cfe2d9e770 DEOPT UNPACKING pc=0x000001cfea72239d sp=0x000000a7514fdfa8 mode 2
Event: 9.056 Thread 0x000001cfe2d9e770 Uncommon trap: trap_request=0xffffffde fr.pc=0x000001cff2299cf8 relative=0x0000000000000938
Event: 9.056 Thread 0x000001cfe2d9e770 Uncommon trap: reason=class_check action=maybe_recompile pc=0x000001cff2299cf8 method=java.lang.ClassLoader.getDefinedPackage(Ljava/lang/String;)Ljava/lang/Package; @ 16 c2
Event: 9.056 Thread 0x000001cfe2d9e770 DEOPT PACKING pc=0x000001cff2299cf8 sp=0x000000a7514f9dc0
Event: 9.056 Thread 0x000001cfe2d9e770 DEOPT UNPACKING pc=0x000001cfea72239d sp=0x000000a7514f9d68 mode 2

Classes loaded (20 events):
Event: 9.175 Loading class java/lang/Thread$State
Event: 9.175 Loading class java/lang/Thread$State done
Event: 9.224 Loading class java/beans/ConstructorProperties
Event: 9.224 Loading class java/beans/ConstructorProperties done
Event: 9.233 Loading class sun/reflect/generics/scope/ConstructorScope
Event: 9.233 Loading class sun/reflect/generics/scope/ConstructorScope done
Event: 9.233 Loading class sun/reflect/generics/tree/VoidDescriptor
Event: 9.234 Loading class sun/reflect/generics/tree/VoidDescriptor done
Event: 9.234 Loading class java/util/AbstractList$ListItr
Event: 9.234 Loading class java/util/AbstractList$Itr
Event: 9.235 Loading class java/util/AbstractList$Itr done
Event: 9.235 Loading class java/util/AbstractList$ListItr done
Event: 9.251 Loading class java/util/regex/Pattern$BnM
Event: 9.251 Loading class java/util/regex/Pattern$BnM done
Event: 9.252 Loading class java/util/regex/Pattern$SliceS
Event: 9.252 Loading class java/util/regex/Pattern$SliceS done
Event: 9.269 Loading class java/util/zip/ZipInputStream
Event: 9.270 Loading class java/util/zip/ZipInputStream done
Event: 9.270 Loading class java/io/PushbackInputStream
Event: 9.271 Loading class java/io/PushbackInputStream done

Classes unloaded (0 events):
No events

Classes redefined (0 events):
No events

Internal exceptions (20 events):
Event: 5.295 Thread 0x000001cfe2d9e770 Exception <a 'java/lang/ClassNotFoundException'{0x00000000c648aaa8}: org/springframework/context/annotation/ConfigurationClassPostProcessorCustomizer> (0x00000000c648aaa8) 
thrown [t:\workspace\open\src\hotspot\share\classfile\systemDictionary.cpp, line 255]
Event: 5.332 Thread 0x000001cfe2d9e770 Exception <a 'java/lang/ClassNotFoundException'{0x00000000c6321dc8}: org/springframework/beans/factory/support/BeanDefinitionRegistryPostProcessorCustomizer> (0x00000000c6321dc8) 
thrown [t:\workspace\open\src\hotspot\share\classfile\systemDictionary.cpp, line 255]
Event: 5.335 Thread 0x000001cfe2d9e770 Exception <a 'java/lang/ClassNotFoundException'{0x00000000c6336a88}: org/springframework/beans/factory/config/BeanFactoryPostProcessorCustomizer> (0x00000000c6336a88) 
thrown [t:\workspace\open\src\hotspot\share\classfile\systemDictionary.cpp, line 255]
Event: 5.337 Thread 0x000001cfe2d9e770 Exception <a 'java/lang/ClassNotFoundException'{0x00000000c6349e20}: org/springframework/core/PriorityOrderedCustomizer> (0x00000000c6349e20) 
thrown [t:\workspace\open\src\hotspot\share\classfile\systemDictionary.cpp, line 255]
Event: 5.338 Thread 0x000001cfe2d9e770 Exception <a 'java/lang/ClassNotFoundException'{0x00000000c635b748}: org/springframework/core/OrderedCustomizer> (0x00000000c635b748) 
thrown [t:\workspace\open\src\hotspot\share\classfile\systemDictionary.cpp, line 255]
Event: 5.339 Thread 0x000001cfe2d9e770 Exception <a 'java/lang/ClassNotFoundException'{0x00000000c636ef58}: org/springframework/context/ResourceLoaderAwareCustomizer> (0x00000000c636ef58) 
thrown [t:\workspace\open\src\hotspot\share\classfile\systemDictionary.cpp, line 255]
Event: 5.343 Thread 0x000001cfe2d9e770 Exception <a 'java/lang/ClassNotFoundException'{0x00000000c6382448}: org/springframework/beans/factory/AwareCustomizer> (0x00000000c6382448) 
thrown [t:\workspace\open\src\hotspot\share\classfile\systemDictionary.cpp, line 255]
Event: 5.344 Thread 0x000001cfe2d9e770 Exception <a 'java/lang/ClassNotFoundException'{0x00000000c63954b0}: org/springframework/beans/factory/BeanClassLoaderAwareCustomizer> (0x00000000c63954b0) 
thrown [t:\workspace\open\src\hotspot\share\classfile\systemDictionary.cpp, line 255]
Event: 5.345 Thread 0x000001cfe2d9e770 Exception <a 'java/lang/ClassNotFoundException'{0x00000000c63a8720}: org/springframework/beans/factory/AwareCustomizer> (0x00000000c63a8720) 
thrown [t:\workspace\open\src\hotspot\share\classfile\systemDictionary.cpp, line 255]
Event: 5.346 Thread 0x000001cfe2d9e770 Exception <a 'java/lang/ClassNotFoundException'{0x00000000c63baca8}: org/springframework/context/EnvironmentAwareCustomizer> (0x00000000c63baca8) 
thrown [t:\workspace\open\src\hotspot\share\classfile\systemDictionary.cpp, line 255]
Event: 5.346 Thread 0x000001cfe2d9e770 Exception <a 'java/lang/ClassNotFoundException'{0x00000000c63cde88}: org/springframework/beans/factory/AwareCustomizer> (0x00000000c63cde88) 
thrown [t:\workspace\open\src\hotspot\share\classfile\systemDictionary.cpp, line 255]
Event: 5.629 Thread 0x000001cfe2d9e770 Exception <a 'java/lang/ClassNotFoundException'{0x00000000c602d100}: org/springframework/boot/loader/jar/Handler> (0x00000000c602d100) 
thrown [t:\workspace\open\src\hotspot\share\classfile\systemDictionary.cpp, line 255]
Event: 6.177 Thread 0x000001cfe2d9e770 Exception <a 'java/lang/NoSuchMethodError'{0x00000000c590c188}: 'int java.lang.invoke.DirectMethodHandle$Holder.invokeSpecialIFC(java.lang.Object, java.lang.Object, java.lang.Object, java.lang.Object)'> (0x00000000c590c188) 
thrown [t:\workspace\open\src\hotspot\share\interpreter\linkResolver.cpp, line 766]
Event: 6.433 Thread 0x000001cfe2d9e770 Exception <a 'java/lang/IncompatibleClassChangeError'{0x00000000c4ff6c38}: Found class java.lang.Object, but interface was expected> (0x00000000c4ff6c38) 
thrown [t:\workspace\open\src\hotspot\share\interpreter\linkResolver.cpp, line 833]
Event: 6.612 Thread 0x000001cfe2d9e770 Exception <a 'java/lang/NoSuchMethodError'{0x00000000c4de42e0}: 'void java.lang.invoke.DirectMethodHandle$Holder.invokeStatic(java.lang.Object, java.lang.Object, java.lang.Object, java.lang.Object)'> (0x00000000c4de42e0) 
thrown [t:\workspace\open\src\hotspot\share\interpreter\linkResolver.cpp, line 766]
Event: 6.616 Thread 0x000001cfe2d9e770 Exception <a 'java/lang/NoSuchMethodError'{0x00000000c4df2d68}: 'void java.lang.invoke.DirectMethodHandle$Holder.invokeInterface(java.lang.Object, java.lang.Object, java.lang.Object, java.lang.Object)'> (0x00000000c4df2d68) 
thrown [t:\workspace\open\src\hotspot\share\interpreter\linkResolver.cpp, line 766]
Event: 7.400 Thread 0x000001cfe2d9e770 Exception <a 'java/lang/NoSuchMethodError'{0x00000000c5fc3a00}: 'java.lang.Object java.lang.invoke.Invokers$Holder.invokeExact_MT(java.lang.Object, java.lang.Object, java.lang.Object, java.lang.Object, java.lang.Object)'> (0x00000000c5fc3a00) 
thrown [t:\workspace\open\src\hotspot\share\interpreter\linkResolver.cpp, line 766]
Event: 7.601 Thread 0x000001cfe2d9e770 Exception <a 'java/lang/NoSuchMethodError'{0x00000000c5da3eb8}: 'void java.lang.invoke.Invokers$Holder.invokeExact_MT(java.lang.Object, java.lang.Object, java.lang.Object)'> (0x00000000c5da3eb8) 
thrown [t:\workspace\open\src\hotspot\share\interpreter\linkResolver.cpp, line 766]
Event: 7.949 Thread 0x000001cfe2d9e770 Exception <a 'java/lang/NoSuchMethodError'{0x00000000c5bda328}: 'void java.lang.invoke.Invokers$Holder.invokeExact_MT(java.lang.Object, java.lang.Object, java.lang.Object, java.lang.Object)'> (0x00000000c5bda328) 
thrown [t:\workspace\open\src\hotspot\share\interpreter\linkResolver.cpp, line 766]
Event: 8.391 Thread 0x000001cfe2d9e770 Exception <a 'java/lang/NoSuchMethodError'{0x00000000c5462500}: 'java.lang.Object java.lang.invoke.DirectMethodHandle$Holder.invokeVirtual(java.lang.Object, java.lang.Object, java.lang.Object, java.lang.Object)'> (0x00000000c5462500) 
thrown [t:\workspace\open\src\hotspot\share\interpreter\linkResolver.cpp, line 766]

VM Operations (20 events):
Event: 4.250 Executing VM operation: HandshakeAllThreads done
Event: 4.867 Executing VM operation: HandshakeAllThreads
Event: 4.867 Executing VM operation: HandshakeAllThreads done
Event: 4.867 Executing VM operation: Cleanup
Event: 4.868 Executing VM operation: Cleanup done
Event: 5.111 Executing VM operation: G1CollectForAllocation
Event: 5.118 Executing VM operation: G1CollectForAllocation done
Event: 5.288 Executing VM operation: HandshakeAllThreads
Event: 5.288 Executing VM operation: HandshakeAllThreads done
Event: 5.507 Executing VM operation: HandshakeAllThreads
Event: 5.507 Executing VM operation: HandshakeAllThreads done
Event: 6.520 Executing VM operation: Cleanup
Event: 6.521 Executing VM operation: Cleanup done
Event: 6.980 Executing VM operation: G1CollectForAllocation
Event: 6.988 Executing VM operation: G1CollectForAllocation done
Event: 7.289 Executing VM operation: HandshakeAllThreads
Event: 7.289 Executing VM operation: HandshakeAllThreads done
Event: 8.291 Executing VM operation: Cleanup
Event: 8.292 Executing VM operation: Cleanup done
Event: 9.295 Executing VM operation: Cleanup

Events (20 events):
Event: 0.376 Thread 0x000001cffda78680 Thread added: 0x000001cffda78680
Event: 0.376 Thread 0x000001cffda79020 Thread added: 0x000001cffda79020
Event: 0.376 Thread 0x000001cffda7c9e0 Thread added: 0x000001cffda7c9e0
Event: 0.376 Thread 0x000001cffda7d6b0 Thread added: 0x000001cffda7d6b0
Event: 0.381 Thread 0x000001cffda7e8a0 Thread added: 0x000001cffda7e8a0
Event: 0.392 Thread 0x000001cffdaf5970 Thread added: 0x000001cffdaf5970
Event: 0.472 Thread 0x000001cffdcd5520 Thread added: 0x000001cffdcd5520
Event: 0.521 Thread 0x000001cffdcdc230 Thread added: 0x000001cffdcdc230
Event: 0.585 Loaded shared library C:\Program Files\Java\jdk-18\bin\net.dll
Event: 0.590 Loaded shared library C:\Program Files\Java\jdk-18\bin\nio.dll
Event: 0.597 Loaded shared library C:\Program Files\Java\jdk-18\bin\zip.dll
Event: 1.062 Loaded shared library C:\Program Files\Java\jdk-18\bin\jimage.dll
Event: 3.884 Loaded shared library C:\Program Files\Java\jdk-18\bin\management.dll
Event: 3.896 Loaded shared library C:\Program Files\Java\jdk-18\bin\management_ext.dll
Event: 4.274 Thread 0x000001cffdf1c0c0 Thread added: 0x000001cffdf1c0c0
Event: 4.415 Thread 0x000001cffdf1c0c0 Thread exited: 0x000001cffdf1c0c0
Event: 6.262 Thread 0x000001cffe945720 Thread added: 0x000001cffe945720
Event: 6.410 Thread 0x000001cffe945720 Thread exited: 0x000001cffe945720
Event: 7.224 Loaded shared library C:\Program Files\Java\jdk-18\bin\verify.dll
Event: 9.176 Thread 0x000001cffea9b010 Thread added: 0x000001cffea9b010


Dynamic libraries:
0x00007ff781570000 - 0x00007ff781580000 	C:\Program Files\Java\jdk-18\bin\java.exe
0x00007ff9db050000 - 0x00007ff9db245000 	C:\Windows\SYSTEM32\ntdll.dll
0x00007ff9d94b0000 - 0x00007ff9d956e000 	C:\Windows\System32\KERNEL32.DLL
0x00007ff9d8cd0000 - 0x00007ff9d8f98000 	C:\Windows\System32\KERNELBASE.dll
0x00007ff9d8810000 - 0x00007ff9d8910000 	C:\Windows\System32\ucrtbase.dll
0x00007ff9d2290000 - 0x00007ff9d22a8000 	C:\Program Files\Java\jdk-18\bin\jli.dll
0x00007ff9d9700000 - 0x00007ff9d97ae000 	C:\Windows\System32\ADVAPI32.dll
0x00007ff9d92c0000 - 0x00007ff9d935e000 	C:\Windows\System32\msvcrt.dll
0x00007ff9d9410000 - 0x00007ff9d94ac000 	C:\Windows\System32\sechost.dll
0x00007ff9da8c0000 - 0x00007ff9da9e5000 	C:\Windows\System32\RPCRT4.dll
0x00007ff9dad50000 - 0x00007ff9daef0000 	C:\Windows\System32\USER32.dll
0x00007ff9d8fa0000 - 0x00007ff9d8fc2000 	C:\Windows\System32\win32u.dll
0x00007ff9da890000 - 0x00007ff9da8ba000 	C:\Windows\System32\GDI32.dll
0x00007ff9d8bc0000 - 0x00007ff9d8ccb000 	C:\Windows\System32\gdi32full.dll
0x00007ff9d89c0000 - 0x00007ff9d8a5d000 	C:\Windows\System32\msvcp_win.dll
0x00007ff9bd790000 - 0x00007ff9bd7aa000 	C:\Program Files\Java\jdk-18\bin\VCRUNTIME140.dll
0x00007ff9c63c0000 - 0x00007ff9c665a000 	C:\Windows\WinSxS\amd64_microsoft.windows.common-controls_6595b64144ccf1df_6.0.19041.1110_none_60b5254171f9507e\COMCTL32.dll
0x00007ff9cfc80000 - 0x00007ff9cfc8a000 	C:\Windows\SYSTEM32\VERSION.dll
0x00007ff9da080000 - 0x00007ff9da0b0000 	C:\Windows\System32\IMM32.DLL
0x00007ff9c3a80000 - 0x00007ff9c3a8c000 	C:\Program Files\Java\jdk-18\bin\vcruntime140_1.dll
0x00007ff9bc5d0000 - 0x00007ff9bc65d000 	C:\Program Files\Java\jdk-18\bin\msvcp140.dll
0x00007ff9a0820000 - 0x00007ff9a1431000 	C:\Program Files\Java\jdk-18\bin\server\jvm.dll
0x00007ff9db000000 - 0x00007ff9db008000 	C:\Windows\System32\PSAPI.DLL
0x00007ff9d1000000 - 0x00007ff9d1009000 	C:\Windows\SYSTEM32\WSOCK32.dll
0x00007ff9da0b0000 - 0x00007ff9da11b000 	C:\Windows\System32\WS2_32.dll
0x00007ff9c4280000 - 0x00007ff9c42a7000 	C:\Windows\SYSTEM32\WINMM.dll
0x00007ff9d7030000 - 0x00007ff9d7042000 	C:\Windows\SYSTEM32\kernel.appcore.dll
0x00007ff9c2720000 - 0x00007ff9c272a000 	C:\Program Files\Java\jdk-18\bin\jimage.dll
0x00007ff9d6d00000 - 0x00007ff9d6ee4000 	C:\Windows\SYSTEM32\DBGHELP.DLL
0x00007ff9c6aa0000 - 0x00007ff9c6acc000 	C:\Windows\SYSTEM32\dbgcore.DLL
0x00007ff9d8fd0000 - 0x00007ff9d9052000 	C:\Windows\System32\bcryptPrimitives.dll
0x00007ff9bc920000 - 0x00007ff9bc945000 	C:\Program Files\Java\jdk-18\bin\java.dll
0x00007ff9acb80000 - 0x00007ff9acc56000 	C:\Program Files\Java\jdk-18\bin\jsvml.dll
0x00007ff9d9930000 - 0x00007ff9da074000 	C:\Windows\System32\SHELL32.dll
0x00007ff9d6490000 - 0x00007ff9d6c24000 	C:\Windows\SYSTEM32\windows.storage.dll
0x00007ff9da9f0000 - 0x00007ff9dad44000 	C:\Windows\System32\combase.dll
0x00007ff9d8030000 - 0x00007ff9d805c000 	C:\Windows\SYSTEM32\Wldp.dll
0x00007ff9daf50000 - 0x00007ff9daffd000 	C:\Windows\System32\SHCORE.dll
0x00007ff9d91f0000 - 0x00007ff9d9245000 	C:\Windows\System32\shlwapi.dll
0x00007ff9d86b0000 - 0x00007ff9d86cf000 	C:\Windows\SYSTEM32\profapi.dll
0x00007ff9bd600000 - 0x00007ff9bd613000 	C:\Program Files\Java\jdk-18\bin\net.dll
0x00007ff9cda40000 - 0x00007ff9cdb4a000 	C:\Windows\SYSTEM32\WINHTTP.dll
0x00007ff9d7e10000 - 0x00007ff9d7e7a000 	C:\Windows\system32\mswsock.dll
0x00007ff9bc750000 - 0x00007ff9bc766000 	C:\Program Files\Java\jdk-18\bin\nio.dll
0x00007ff9bc730000 - 0x00007ff9bc748000 	C:\Program Files\Java\jdk-18\bin\zip.dll
0x00007ff9bd700000 - 0x00007ff9bd709000 	C:\Program Files\Java\jdk-18\bin\management.dll
0x00007ff9bd650000 - 0x00007ff9bd65b000 	C:\Program Files\Java\jdk-18\bin\management_ext.dll
0x00007ff9ac080000 - 0x00007ff9ac097000 	C:\Windows\system32\napinsp.dll
0x00007ff9ac060000 - 0x00007ff9ac07b000 	C:\Windows\system32\pnrpnsp.dll
0x00007ff9adda0000 - 0x00007ff9addb5000 	C:\Windows\system32\wshbth.dll
0x00007ff9d31a0000 - 0x00007ff9d31bd000 	C:\Windows\system32\NLAapi.dll
0x00007ff9d7b20000 - 0x00007ff9d7b5b000 	C:\Windows\SYSTEM32\IPHLPAPI.DLL
0x00007ff9d7b60000 - 0x00007ff9d7c2b000 	C:\Windows\SYSTEM32\DNSAPI.dll
0x00007ff9d91e0000 - 0x00007ff9d91e8000 	C:\Windows\System32\NSI.dll
0x00007ff9aba60000 - 0x00007ff9aba72000 	C:\Windows\System32\winrnr.dll
0x00007ff9c7910000 - 0x00007ff9c791a000 	C:\Windows\System32\rasadhlp.dll
0x00007ff9c7ac0000 - 0x00007ff9c7b3f000 	C:\Windows\System32\fwpuclnt.dll
0x00007ff9d87e0000 - 0x00007ff9d8807000 	C:\Windows\System32\bcrypt.dll
0x00007ff9bcdb0000 - 0x00007ff9bcdc0000 	C:\Program Files\Java\jdk-18\bin\verify.dll

dbghelp: loaded successfully - version: 4.0.5 - missing functions: none
symbol engine: initialized successfully - sym options: 0x614 - pdb path: .;C:\Program Files\Java\jdk-18\bin;C:\Windows\SYSTEM32;C:\Windows\WinSxS\amd64_microsoft.windows.common-controls_6595b64144ccf1df_6.0.19041.1110_none_60b5254171f9507e;C:\Program Files\Java\jdk-18\bin\server

VM Arguments:
java_command: c:\Users\paulo\.vscode\extensions\salesforce.salesforce-vscode-slds-1.4.8\lsp-0.0.13-executable.jar --PORT=63976
java_class_path (initial): c:\Users\paulo\.vscode\extensions\salesforce.salesforce-vscode-slds-1.4.8\lsp-0.0.13-executable.jar
Launcher Type: SUN_STANDARD

[Global flags]
     intx CICompilerCount                          = 2                                         {product} {ergonomic}
     uint ConcGCThreads                            = 1                                         {product} {ergonomic}
     uint G1ConcRefinementThreads                  = 2                                         {product} {ergonomic}
   size_t G1HeapRegionSize                         = 1048576                                   {product} {ergonomic}
    uintx GCDrainStackTargetSize                   = 64                                        {product} {ergonomic}
   size_t InitialHeapSize                          = 65011712                                  {product} {ergonomic}
   size_t MarkStackSize                            = 4194304                                   {product} {ergonomic}
   size_t MaxHeapSize                              = 1027604480                                {product} {ergonomic}
   size_t MaxNewSize                               = 616562688                                 {product} {ergonomic}
   size_t MinHeapDeltaBytes                        = 1048576                                   {product} {ergonomic}
   size_t MinHeapSize                              = 8388608                                   {product} {ergonomic}
    uintx NonNMethodCodeHeapSize                   = 5826188                                {pd product} {ergonomic}
    uintx NonProfiledCodeHeapSize                  = 122916026                              {pd product} {ergonomic}
    uintx ProfiledCodeHeapSize                     = 122916026                              {pd product} {ergonomic}
    uintx ReservedCodeCacheSize                    = 251658240                              {pd product} {ergonomic}
     bool SegmentedCodeCache                       = true                                      {product} {ergonomic}
   size_t SoftMaxHeapSize                          = 1027604480                             {manageable} {ergonomic}
     bool UseCompressedClassPointers               = true                           {product lp64_product} {ergonomic}
     bool UseCompressedOops                        = true                           {product lp64_product} {ergonomic}
     bool UseG1GC                                  = true                                      {product} {ergonomic}
     bool UseLargePagesIndividualAllocation        = false                                  {pd product} {ergonomic}

Logging:
Log output configuration:
 #0: stdout all=warning uptime,level,tags foldmultilines=false
 #1: stderr all=off uptime,level,tags foldmultilines=false

Environment Variables:
JAVA_HOME=C:\Program Files\Java\jdk-18
PATH=C:\Python310\Scripts\;C:\Python310\;C:\Program Files\Common Files\Oracle\Java\javapath;C:\Windows\system32;C:\Windows;C:\Windows\System32\Wbem;C:\Windows\System32\WindowsPowerShell\v1.0\;C:\Windows\System32\OpenSSH\;C:\Program Files\sfdx\bin;C:\Program Files\Java\jdk-18\bin;C:\ProgramData\chocolatey\bin;C:\Program Files\Docker\Docker\resources\bin;C:\ProgramData\DockerDesktop\version-bin;%NVM_HOME%;%NVM_SYMLINK%;C:\Program Files\nodejs\;C:\Users\paulo\AppData\Local\Microsoft\WindowsApps;C:\Users\paulo\AppData\Local\Programs\Microsoft VS Code\bin;C:\Users\paulo\AppData\Local\Programs\Git\cmd;C:\Users\paulo\AppData\Roaming\npm
USERNAME=paulo
OS=Windows_NT
PROCESSOR_IDENTIFIER=Intel64 Family 6 Model 122 Stepping 8, GenuineIntel



---------------  S Y S T E M  ---------------

OS:
 Windows 10 , 64 bit Build 19041 (10.0.19041.1645)
OS uptime: 3 days 3:21 hours
Hyper-V role detected

CPU: total 2 (initial active 2) (2 cores per cpu, 1 threads per core) family 6 model 122 stepping 8 microcode 0x16, cx8, cmov, fxsr, mmx, 3dnowpref, sse, sse2, sse3, ssse3, sse4.1, sse4.2, popcnt, tsc, tscinvbit, aes, erms, clmul, sha, clflush, clflushopt, hv

Memory: 4k page, system-wide physical 3916M (283M free)
TotalPageFile size 15692M (AvailPageFile size 8M)
current process WorkingSet (physical memory assigned to process): 111M, peak: 111M
current process commit charge ("private bytes"): 160M, peak: 161M

vm_info: Java HotSpot(TM) 64-Bit Server VM (18+36-2087) for windows-amd64 JRE (18+36-2087), built on Feb 15 2022 09:43:11 by "mach5one" with MS VC++ 16.8 / 16.9 (VS2019)

END.
